<?xml version="1.0" encoding="UTF-8"?>
<testsuite xmlns:xsi="http://www.w3.org/2001/XMLSchema-instance" xsi:noNamespaceSchemaLocation="https://maven.apache.org/surefire/maven-surefire-plugin/xsd/surefire-test-report-3.0.xsd" version="3.0" name="org.apache.bookkeeper.bookie.CompactionByBytesTest" time="120.602" tests="22" errors="0" skipped="0" failures="3">
  <properties>
    <property name="awt.toolkit" value="sun.awt.X11.XToolkit"/>
    <property name="file.encoding.pkg" value="sun.io"/>
    <property name="nondexStart" value="0"/>
    <property name="java.specification.version" value="1.8"/>
    <property name="sun.cpu.isalist" value=""/>
    <property name="sun.jnu.encoding" value="UTF-8"/>
    <property name="java.class.path" value="/home/ch61/bookkeeper/bookkeeper-server/target/test-classes:/home/ch61/bookkeeper/bookkeeper-server/target/classes:/home/ch61/bookkeeper/bookkeeper-common/target/classes:/home/ch61/bookkeeper/bookkeeper-stats/target/classes:/home/ch61/bookkeeper/cpu-affinity/target/classes:/home/ch61/.m2/repository/com/google/guava/guava/30.0-jre/guava-30.0-jre.jar:/home/ch61/.m2/repository/com/google/guava/failureaccess/1.0.1/failureaccess-1.0.1.jar:/home/ch61/.m2/repository/com/google/guava/listenablefuture/9999.0-empty-to-avoid-conflict-with-guava/listenablefuture-9999.0-empty-to-avoid-conflict-with-guava.jar:/home/ch61/.m2/repository/org/checkerframework/checker-qual/3.5.0/checker-qual-3.5.0.jar:/home/ch61/.m2/repository/com/google/errorprone/error_prone_annotations/2.4.0/error_prone_annotations-2.4.0.jar:/home/ch61/.m2/repository/com/google/j2objc/j2objc-annotations/1.3/j2objc-annotations-1.3.jar:/home/ch61/.m2/repository/io/netty/netty-common/4.1.68.Final/netty-common-4.1.68.Final.jar:/home/ch61/.m2/repository/com/fasterxml/jackson/core/jackson-core/2.11.0/jackson-core-2.11.0.jar:/home/ch61/.m2/repository/com/fasterxml/jackson/core/jackson-databind/2.11.0/jackson-databind-2.11.0.jar:/home/ch61/.m2/repository/com/fasterxml/jackson/core/jackson-annotations/2.11.0/jackson-annotations-2.11.0.jar:/home/ch61/.m2/repository/org/jctools/jctools-core/2.1.2/jctools-core-2.1.2.jar:/home/ch61/bookkeeper/bookkeeper-common-allocator/target/classes:/home/ch61/.m2/repository/io/netty/netty-buffer/4.1.68.Final/netty-buffer-4.1.68.Final.jar:/home/ch61/bookkeeper/bookkeeper-proto/target/classes:/home/ch61/.m2/repository/com/google/protobuf/protobuf-java/3.14.0/protobuf-java-3.14.0.jar:/home/ch61/bookkeeper/tools/framework/target/classes:/home/ch61/.m2/repository/org/rocksdb/rocksdbjni/6.22.1.1/rocksdbjni-6.22.1.1.jar:/home/ch61/.m2/repository/org/apache/logging/log4j/log4j-1.2-api/2.14.1/log4j-1.2-api-2.14.1.jar:/home/ch61/.m2/repository/org/apache/logging/log4j/log4j-api/2.14.1/log4j-api-2.14.1.jar:/home/ch61/.m2/repository/org/apache/logging/log4j/log4j-core/2.14.1/log4j-core-2.14.1.jar:/home/ch61/.m2/repository/org/apache/logging/log4j/log4j-slf4j-impl/2.14.1/log4j-slf4j-impl-2.14.1.jar:/home/ch61/.m2/repository/org/apache/zookeeper/zookeeper/3.6.2/zookeeper-3.6.2.jar:/home/ch61/.m2/repository/commons-lang/commons-lang/2.6/commons-lang-2.6.jar:/home/ch61/.m2/repository/org/apache/zookeeper/zookeeper-jute/3.6.2/zookeeper-jute-3.6.2.jar:/home/ch61/.m2/repository/org/apache/yetus/audience-annotations/0.5.0/audience-annotations-0.5.0.jar:/home/ch61/.m2/repository/io/netty/netty-handler/4.1.68.Final/netty-handler-4.1.68.Final.jar:/home/ch61/.m2/repository/io/netty/netty-resolver/4.1.68.Final/netty-resolver-4.1.68.Final.jar:/home/ch61/.m2/repository/io/netty/netty-transport/4.1.68.Final/netty-transport-4.1.68.Final.jar:/home/ch61/.m2/repository/io/netty/netty-codec/4.1.68.Final/netty-codec-4.1.68.Final.jar:/home/ch61/.m2/repository/io/netty/netty-transport-native-epoll/4.1.68.Final/netty-transport-native-epoll-4.1.68.Final-linux-x86_64.jar:/home/ch61/.m2/repository/io/netty/netty-transport-native-unix-common/4.1.68.Final/netty-transport-native-unix-common-4.1.68.Final.jar:/home/ch61/.m2/repository/io/netty/netty-tcnative-boringssl-static/2.0.42.Final/netty-tcnative-boringssl-static-2.0.42.Final.jar:/home/ch61/bookkeeper/bookkeeper-http/http-server/target/classes:/home/ch61/bookkeeper/circe-checksum/target/classes:/home/ch61/.m2/repository/commons-cli/commons-cli/1.2/commons-cli-1.2.jar:/home/ch61/.m2/repository/commons-codec/commons-codec/1.6/commons-codec-1.6.jar:/home/ch61/.m2/repository/commons-io/commons-io/2.7/commons-io-2.7.jar:/home/ch61/.m2/repository/org/apache/commons/commons-lang3/3.6/commons-lang3-3.6.jar:/home/ch61/.m2/repository/org/apache/commons/commons-collections4/4.1/commons-collections4-4.1.jar:/home/ch61/.m2/repository/org/bouncycastle/bc-fips/1.0.2/bc-fips-1.0.2.jar:/home/ch61/.m2/repository/com/beust/jcommander/1.78/jcommander-1.78.jar:/home/ch61/.m2/repository/net/java/dev/jna/jna/3.2.7/jna-3.2.7.jar:/home/ch61/.m2/repository/org/apache/httpcomponents/httpclient/4.5.13/httpclient-4.5.13.jar:/home/ch61/.m2/repository/org/apache/httpcomponents/httpcore/4.4.13/httpcore-4.4.13.jar:/home/ch61/.m2/repository/commons-logging/commons-logging/1.2/commons-logging-1.2.jar:/home/ch61/bookkeeper/bookkeeper-common/target/test-classes:/home/ch61/.m2/repository/org/apache/kerby/kerby-config/1.1.1/kerby-config-1.1.1.jar:/home/ch61/.m2/repository/org/apache/kerby/kerb-simplekdc/1.1.1/kerb-simplekdc-1.1.1.jar:/home/ch61/.m2/repository/org/apache/kerby/kerb-client/1.1.1/kerb-client-1.1.1.jar:/home/ch61/.m2/repository/org/apache/kerby/kerb-core/1.1.1/kerb-core-1.1.1.jar:/home/ch61/.m2/repository/org/apache/kerby/kerby-pkix/1.1.1/kerby-pkix-1.1.1.jar:/home/ch61/.m2/repository/org/apache/kerby/kerby-asn1/1.1.1/kerby-asn1-1.1.1.jar:/home/ch61/.m2/repository/org/apache/kerby/kerby-util/1.1.1/kerby-util-1.1.1.jar:/home/ch61/.m2/repository/org/apache/kerby/kerb-common/1.1.1/kerb-common-1.1.1.jar:/home/ch61/.m2/repository/org/apache/kerby/kerb-crypto/1.1.1/kerb-crypto-1.1.1.jar:/home/ch61/.m2/repository/org/apache/kerby/kerb-util/1.1.1/kerb-util-1.1.1.jar:/home/ch61/.m2/repository/org/apache/kerby/token-provider/1.1.1/token-provider-1.1.1.jar:/home/ch61/.m2/repository/com/nimbusds/nimbus-jose-jwt/4.41.2/nimbus-jose-jwt-4.41.2.jar:/home/ch61/.m2/repository/com/github/stephenc/jcip/jcip-annotations/1.0-1/jcip-annotations-1.0-1.jar:/home/ch61/.m2/repository/net/minidev/json-smart/2.3/json-smart-2.3.jar:/home/ch61/.m2/repository/net/minidev/accessors-smart/1.2/accessors-smart-1.2.jar:/home/ch61/.m2/repository/org/ow2/asm/asm/5.0.4/asm-5.0.4.jar:/home/ch61/.m2/repository/org/apache/kerby/kerb-admin/1.1.1/kerb-admin-1.1.1.jar:/home/ch61/.m2/repository/org/apache/kerby/kerb-server/1.1.1/kerb-server-1.1.1.jar:/home/ch61/.m2/repository/org/apache/kerby/kerb-identity/1.1.1/kerb-identity-1.1.1.jar:/home/ch61/.m2/repository/org/apache/kerby/kerby-xdr/1.1.1/kerby-xdr-1.1.1.jar:/home/ch61/.m2/repository/org/apache/zookeeper/zookeeper/3.6.2/zookeeper-3.6.2-tests.jar:/home/ch61/.m2/repository/org/xerial/snappy/snappy-java/1.1.7/snappy-java-1.1.7.jar:/home/ch61/.m2/repository/io/dropwizard/metrics/metrics-core/3.2.5/metrics-core-3.2.5.jar:/home/ch61/bookkeeper/bookkeeper-stats-providers/prometheus-metrics-provider/target/classes:/home/ch61/.m2/repository/io/prometheus/simpleclient/0.8.1/simpleclient-0.8.1.jar:/home/ch61/.m2/repository/io/prometheus/simpleclient_hotspot/0.8.1/simpleclient_hotspot-0.8.1.jar:/home/ch61/.m2/repository/io/prometheus/simpleclient_servlet/0.8.1/simpleclient_servlet-0.8.1.jar:/home/ch61/.m2/repository/io/prometheus/simpleclient_common/0.8.1/simpleclient_common-0.8.1.jar:/home/ch61/.m2/repository/org/eclipse/jetty/jetty-servlet/9.4.43.v20210629/jetty-servlet-9.4.43.v20210629.jar:/home/ch61/.m2/repository/org/eclipse/jetty/jetty-security/9.4.43.v20210629/jetty-security-9.4.43.v20210629.jar:/home/ch61/.m2/repository/org/eclipse/jetty/jetty-server/9.4.43.v20210629/jetty-server-9.4.43.v20210629.jar:/home/ch61/.m2/repository/javax/servlet/javax.servlet-api/4.0.0/javax.servlet-api-4.0.0.jar:/home/ch61/.m2/repository/org/eclipse/jetty/jetty-http/9.4.43.v20210629/jetty-http-9.4.43.v20210629.jar:/home/ch61/.m2/repository/org/eclipse/jetty/jetty-io/9.4.43.v20210629/jetty-io-9.4.43.v20210629.jar:/home/ch61/.m2/repository/org/eclipse/jetty/jetty-util-ajax/9.4.43.v20210629/jetty-util-ajax-9.4.43.v20210629.jar:/home/ch61/.m2/repository/org/eclipse/jetty/jetty-util/9.4.43.v20210629/jetty-util-9.4.43.v20210629.jar:/home/ch61/.m2/repository/com/yahoo/datasketches/sketches-core/0.8.3/sketches-core-0.8.3.jar:/home/ch61/.m2/repository/com/yahoo/datasketches/memory/0.8.3/memory-0.8.3.jar:/home/ch61/bookkeeper/bookkeeper-http/vertx-http-server/target/classes:/home/ch61/.m2/repository/io/vertx/vertx-core/3.9.8/vertx-core-3.9.8.jar:/home/ch61/.m2/repository/io/netty/netty-handler-proxy/4.1.68.Final/netty-handler-proxy-4.1.68.Final.jar:/home/ch61/.m2/repository/io/netty/netty-codec-socks/4.1.68.Final/netty-codec-socks-4.1.68.Final.jar:/home/ch61/.m2/repository/io/netty/netty-codec-http/4.1.68.Final/netty-codec-http-4.1.68.Final.jar:/home/ch61/.m2/repository/io/netty/netty-codec-http2/4.1.68.Final/netty-codec-http2-4.1.68.Final.jar:/home/ch61/.m2/repository/io/netty/netty-resolver-dns/4.1.68.Final/netty-resolver-dns-4.1.68.Final.jar:/home/ch61/.m2/repository/io/netty/netty-codec-dns/4.1.68.Final/netty-codec-dns-4.1.68.Final.jar:/home/ch61/.m2/repository/io/vertx/vertx-web/3.9.8/vertx-web-3.9.8.jar:/home/ch61/.m2/repository/io/vertx/vertx-web-common/3.9.8/vertx-web-common-3.9.8.jar:/home/ch61/.m2/repository/io/vertx/vertx-auth-common/3.9.8/vertx-auth-common-3.9.8.jar:/home/ch61/.m2/repository/io/vertx/vertx-bridge-common/3.9.8/vertx-bridge-common-3.9.8.jar:/home/ch61/.m2/repository/org/projectlombok/lombok/1.18.20/lombok-1.18.20.jar:/home/ch61/.m2/repository/com/github/spotbugs/spotbugs-annotations/3.1.8/spotbugs-annotations-3.1.8.jar:/home/ch61/.m2/repository/com/google/code/findbugs/jsr305/3.0.2/jsr305-3.0.2.jar:/home/ch61/.m2/repository/org/slf4j/slf4j-api/1.7.32/slf4j-api-1.7.32.jar:/home/ch61/.m2/repository/commons-configuration/commons-configuration/1.10/commons-configuration-1.10.jar:/home/ch61/.m2/repository/junit/junit/4.12/junit-4.12.jar:/home/ch61/.m2/repository/org/hamcrest/hamcrest-core/1.3/hamcrest-core-1.3.jar:/home/ch61/.m2/repository/org/hamcrest/hamcrest-all/1.3/hamcrest-all-1.3.jar:/home/ch61/.m2/repository/org/mockito/mockito-core/3.0.0/mockito-core-3.0.0.jar:/home/ch61/.m2/repository/net/bytebuddy/byte-buddy/1.9.10/byte-buddy-1.9.10.jar:/home/ch61/.m2/repository/net/bytebuddy/byte-buddy-agent/1.9.10/byte-buddy-agent-1.9.10.jar:/home/ch61/.m2/repository/org/objenesis/objenesis/2.6/objenesis-2.6.jar:/home/ch61/.m2/repository/org/powermock/powermock-api-mockito2/2.0.2/powermock-api-mockito2-2.0.2.jar:/home/ch61/.m2/repository/org/powermock/powermock-api-support/2.0.2/powermock-api-support-2.0.2.jar:/home/ch61/.m2/repository/org/powermock/powermock-reflect/2.0.2/powermock-reflect-2.0.2.jar:/home/ch61/.m2/repository/org/powermock/powermock-core/2.0.2/powermock-core-2.0.2.jar:/home/ch61/.m2/repository/org/javassist/javassist/3.24.0-GA/javassist-3.24.0-GA.jar:/home/ch61/.m2/repository/org/powermock/powermock-module-junit4/2.0.2/powermock-module-junit4-2.0.2.jar:/home/ch61/.m2/repository/org/powermock/powermock-module-junit4-common/2.0.2/powermock-module-junit4-common-2.0.2.jar:"/>
    <property name="java.vm.vendor" value="Private Build"/>
    <property name="nondexPrintstack" value="false"/>
    <property name="sun.arch.data.model" value="64"/>
    <property name="java.vendor.url" value="http://java.oracle.com/"/>
    <property name="user.timezone" value=""/>
    <property name="io.netty.leakDetection.level" value="paranoid"/>
    <property name="java.vm.specification.version" value="1.8"/>
    <property name="os.name" value="Linux"/>
    <property name="sun.java.launcher" value="SUN_STANDARD"/>
    <property name="sun.boot.library.path" value="/usr/lib/jvm/java-8-openjdk-amd64/jre/lib/amd64"/>
    <property name="nondexLogging" value="CONFIG"/>
    <property name="sun.java.command" value="/home/ch61/bookkeeper/bookkeeper-server/target/surefire/surefirebooter1433881318680633219.jar /home/ch61/bookkeeper/bookkeeper-server/target/surefire 2021-11-02T16-37-35_012-jvmRun1 surefire7646883747624952556tmp surefire_2257377675097823655519tmp"/>
    <property name="surefire.test.class.path" value="/home/ch61/bookkeeper/bookkeeper-server/target/test-classes:/home/ch61/bookkeeper/bookkeeper-server/target/classes:/home/ch61/bookkeeper/bookkeeper-common/target/classes:/home/ch61/bookkeeper/bookkeeper-stats/target/classes:/home/ch61/bookkeeper/cpu-affinity/target/classes:/home/ch61/.m2/repository/com/google/guava/guava/30.0-jre/guava-30.0-jre.jar:/home/ch61/.m2/repository/com/google/guava/failureaccess/1.0.1/failureaccess-1.0.1.jar:/home/ch61/.m2/repository/com/google/guava/listenablefuture/9999.0-empty-to-avoid-conflict-with-guava/listenablefuture-9999.0-empty-to-avoid-conflict-with-guava.jar:/home/ch61/.m2/repository/org/checkerframework/checker-qual/3.5.0/checker-qual-3.5.0.jar:/home/ch61/.m2/repository/com/google/errorprone/error_prone_annotations/2.4.0/error_prone_annotations-2.4.0.jar:/home/ch61/.m2/repository/com/google/j2objc/j2objc-annotations/1.3/j2objc-annotations-1.3.jar:/home/ch61/.m2/repository/io/netty/netty-common/4.1.68.Final/netty-common-4.1.68.Final.jar:/home/ch61/.m2/repository/com/fasterxml/jackson/core/jackson-core/2.11.0/jackson-core-2.11.0.jar:/home/ch61/.m2/repository/com/fasterxml/jackson/core/jackson-databind/2.11.0/jackson-databind-2.11.0.jar:/home/ch61/.m2/repository/com/fasterxml/jackson/core/jackson-annotations/2.11.0/jackson-annotations-2.11.0.jar:/home/ch61/.m2/repository/org/jctools/jctools-core/2.1.2/jctools-core-2.1.2.jar:/home/ch61/bookkeeper/bookkeeper-common-allocator/target/classes:/home/ch61/.m2/repository/io/netty/netty-buffer/4.1.68.Final/netty-buffer-4.1.68.Final.jar:/home/ch61/bookkeeper/bookkeeper-proto/target/classes:/home/ch61/.m2/repository/com/google/protobuf/protobuf-java/3.14.0/protobuf-java-3.14.0.jar:/home/ch61/bookkeeper/tools/framework/target/classes:/home/ch61/.m2/repository/org/rocksdb/rocksdbjni/6.22.1.1/rocksdbjni-6.22.1.1.jar:/home/ch61/.m2/repository/org/apache/logging/log4j/log4j-1.2-api/2.14.1/log4j-1.2-api-2.14.1.jar:/home/ch61/.m2/repository/org/apache/logging/log4j/log4j-api/2.14.1/log4j-api-2.14.1.jar:/home/ch61/.m2/repository/org/apache/logging/log4j/log4j-core/2.14.1/log4j-core-2.14.1.jar:/home/ch61/.m2/repository/org/apache/logging/log4j/log4j-slf4j-impl/2.14.1/log4j-slf4j-impl-2.14.1.jar:/home/ch61/.m2/repository/org/apache/zookeeper/zookeeper/3.6.2/zookeeper-3.6.2.jar:/home/ch61/.m2/repository/commons-lang/commons-lang/2.6/commons-lang-2.6.jar:/home/ch61/.m2/repository/org/apache/zookeeper/zookeeper-jute/3.6.2/zookeeper-jute-3.6.2.jar:/home/ch61/.m2/repository/org/apache/yetus/audience-annotations/0.5.0/audience-annotations-0.5.0.jar:/home/ch61/.m2/repository/io/netty/netty-handler/4.1.68.Final/netty-handler-4.1.68.Final.jar:/home/ch61/.m2/repository/io/netty/netty-resolver/4.1.68.Final/netty-resolver-4.1.68.Final.jar:/home/ch61/.m2/repository/io/netty/netty-transport/4.1.68.Final/netty-transport-4.1.68.Final.jar:/home/ch61/.m2/repository/io/netty/netty-codec/4.1.68.Final/netty-codec-4.1.68.Final.jar:/home/ch61/.m2/repository/io/netty/netty-transport-native-epoll/4.1.68.Final/netty-transport-native-epoll-4.1.68.Final-linux-x86_64.jar:/home/ch61/.m2/repository/io/netty/netty-transport-native-unix-common/4.1.68.Final/netty-transport-native-unix-common-4.1.68.Final.jar:/home/ch61/.m2/repository/io/netty/netty-tcnative-boringssl-static/2.0.42.Final/netty-tcnative-boringssl-static-2.0.42.Final.jar:/home/ch61/bookkeeper/bookkeeper-http/http-server/target/classes:/home/ch61/bookkeeper/circe-checksum/target/classes:/home/ch61/.m2/repository/commons-cli/commons-cli/1.2/commons-cli-1.2.jar:/home/ch61/.m2/repository/commons-codec/commons-codec/1.6/commons-codec-1.6.jar:/home/ch61/.m2/repository/commons-io/commons-io/2.7/commons-io-2.7.jar:/home/ch61/.m2/repository/org/apache/commons/commons-lang3/3.6/commons-lang3-3.6.jar:/home/ch61/.m2/repository/org/apache/commons/commons-collections4/4.1/commons-collections4-4.1.jar:/home/ch61/.m2/repository/org/bouncycastle/bc-fips/1.0.2/bc-fips-1.0.2.jar:/home/ch61/.m2/repository/com/beust/jcommander/1.78/jcommander-1.78.jar:/home/ch61/.m2/repository/net/java/dev/jna/jna/3.2.7/jna-3.2.7.jar:/home/ch61/.m2/repository/org/apache/httpcomponents/httpclient/4.5.13/httpclient-4.5.13.jar:/home/ch61/.m2/repository/org/apache/httpcomponents/httpcore/4.4.13/httpcore-4.4.13.jar:/home/ch61/.m2/repository/commons-logging/commons-logging/1.2/commons-logging-1.2.jar:/home/ch61/bookkeeper/bookkeeper-common/target/test-classes:/home/ch61/.m2/repository/org/apache/kerby/kerby-config/1.1.1/kerby-config-1.1.1.jar:/home/ch61/.m2/repository/org/apache/kerby/kerb-simplekdc/1.1.1/kerb-simplekdc-1.1.1.jar:/home/ch61/.m2/repository/org/apache/kerby/kerb-client/1.1.1/kerb-client-1.1.1.jar:/home/ch61/.m2/repository/org/apache/kerby/kerb-core/1.1.1/kerb-core-1.1.1.jar:/home/ch61/.m2/repository/org/apache/kerby/kerby-pkix/1.1.1/kerby-pkix-1.1.1.jar:/home/ch61/.m2/repository/org/apache/kerby/kerby-asn1/1.1.1/kerby-asn1-1.1.1.jar:/home/ch61/.m2/repository/org/apache/kerby/kerby-util/1.1.1/kerby-util-1.1.1.jar:/home/ch61/.m2/repository/org/apache/kerby/kerb-common/1.1.1/kerb-common-1.1.1.jar:/home/ch61/.m2/repository/org/apache/kerby/kerb-crypto/1.1.1/kerb-crypto-1.1.1.jar:/home/ch61/.m2/repository/org/apache/kerby/kerb-util/1.1.1/kerb-util-1.1.1.jar:/home/ch61/.m2/repository/org/apache/kerby/token-provider/1.1.1/token-provider-1.1.1.jar:/home/ch61/.m2/repository/com/nimbusds/nimbus-jose-jwt/4.41.2/nimbus-jose-jwt-4.41.2.jar:/home/ch61/.m2/repository/com/github/stephenc/jcip/jcip-annotations/1.0-1/jcip-annotations-1.0-1.jar:/home/ch61/.m2/repository/net/minidev/json-smart/2.3/json-smart-2.3.jar:/home/ch61/.m2/repository/net/minidev/accessors-smart/1.2/accessors-smart-1.2.jar:/home/ch61/.m2/repository/org/ow2/asm/asm/5.0.4/asm-5.0.4.jar:/home/ch61/.m2/repository/org/apache/kerby/kerb-admin/1.1.1/kerb-admin-1.1.1.jar:/home/ch61/.m2/repository/org/apache/kerby/kerb-server/1.1.1/kerb-server-1.1.1.jar:/home/ch61/.m2/repository/org/apache/kerby/kerb-identity/1.1.1/kerb-identity-1.1.1.jar:/home/ch61/.m2/repository/org/apache/kerby/kerby-xdr/1.1.1/kerby-xdr-1.1.1.jar:/home/ch61/.m2/repository/org/apache/zookeeper/zookeeper/3.6.2/zookeeper-3.6.2-tests.jar:/home/ch61/.m2/repository/org/xerial/snappy/snappy-java/1.1.7/snappy-java-1.1.7.jar:/home/ch61/.m2/repository/io/dropwizard/metrics/metrics-core/3.2.5/metrics-core-3.2.5.jar:/home/ch61/bookkeeper/bookkeeper-stats-providers/prometheus-metrics-provider/target/classes:/home/ch61/.m2/repository/io/prometheus/simpleclient/0.8.1/simpleclient-0.8.1.jar:/home/ch61/.m2/repository/io/prometheus/simpleclient_hotspot/0.8.1/simpleclient_hotspot-0.8.1.jar:/home/ch61/.m2/repository/io/prometheus/simpleclient_servlet/0.8.1/simpleclient_servlet-0.8.1.jar:/home/ch61/.m2/repository/io/prometheus/simpleclient_common/0.8.1/simpleclient_common-0.8.1.jar:/home/ch61/.m2/repository/org/eclipse/jetty/jetty-servlet/9.4.43.v20210629/jetty-servlet-9.4.43.v20210629.jar:/home/ch61/.m2/repository/org/eclipse/jetty/jetty-security/9.4.43.v20210629/jetty-security-9.4.43.v20210629.jar:/home/ch61/.m2/repository/org/eclipse/jetty/jetty-server/9.4.43.v20210629/jetty-server-9.4.43.v20210629.jar:/home/ch61/.m2/repository/javax/servlet/javax.servlet-api/4.0.0/javax.servlet-api-4.0.0.jar:/home/ch61/.m2/repository/org/eclipse/jetty/jetty-http/9.4.43.v20210629/jetty-http-9.4.43.v20210629.jar:/home/ch61/.m2/repository/org/eclipse/jetty/jetty-io/9.4.43.v20210629/jetty-io-9.4.43.v20210629.jar:/home/ch61/.m2/repository/org/eclipse/jetty/jetty-util-ajax/9.4.43.v20210629/jetty-util-ajax-9.4.43.v20210629.jar:/home/ch61/.m2/repository/org/eclipse/jetty/jetty-util/9.4.43.v20210629/jetty-util-9.4.43.v20210629.jar:/home/ch61/.m2/repository/com/yahoo/datasketches/sketches-core/0.8.3/sketches-core-0.8.3.jar:/home/ch61/.m2/repository/com/yahoo/datasketches/memory/0.8.3/memory-0.8.3.jar:/home/ch61/bookkeeper/bookkeeper-http/vertx-http-server/target/classes:/home/ch61/.m2/repository/io/vertx/vertx-core/3.9.8/vertx-core-3.9.8.jar:/home/ch61/.m2/repository/io/netty/netty-handler-proxy/4.1.68.Final/netty-handler-proxy-4.1.68.Final.jar:/home/ch61/.m2/repository/io/netty/netty-codec-socks/4.1.68.Final/netty-codec-socks-4.1.68.Final.jar:/home/ch61/.m2/repository/io/netty/netty-codec-http/4.1.68.Final/netty-codec-http-4.1.68.Final.jar:/home/ch61/.m2/repository/io/netty/netty-codec-http2/4.1.68.Final/netty-codec-http2-4.1.68.Final.jar:/home/ch61/.m2/repository/io/netty/netty-resolver-dns/4.1.68.Final/netty-resolver-dns-4.1.68.Final.jar:/home/ch61/.m2/repository/io/netty/netty-codec-dns/4.1.68.Final/netty-codec-dns-4.1.68.Final.jar:/home/ch61/.m2/repository/io/vertx/vertx-web/3.9.8/vertx-web-3.9.8.jar:/home/ch61/.m2/repository/io/vertx/vertx-web-common/3.9.8/vertx-web-common-3.9.8.jar:/home/ch61/.m2/repository/io/vertx/vertx-auth-common/3.9.8/vertx-auth-common-3.9.8.jar:/home/ch61/.m2/repository/io/vertx/vertx-bridge-common/3.9.8/vertx-bridge-common-3.9.8.jar:/home/ch61/.m2/repository/org/projectlombok/lombok/1.18.20/lombok-1.18.20.jar:/home/ch61/.m2/repository/com/github/spotbugs/spotbugs-annotations/3.1.8/spotbugs-annotations-3.1.8.jar:/home/ch61/.m2/repository/com/google/code/findbugs/jsr305/3.0.2/jsr305-3.0.2.jar:/home/ch61/.m2/repository/org/slf4j/slf4j-api/1.7.32/slf4j-api-1.7.32.jar:/home/ch61/.m2/repository/commons-configuration/commons-configuration/1.10/commons-configuration-1.10.jar:/home/ch61/.m2/repository/junit/junit/4.12/junit-4.12.jar:/home/ch61/.m2/repository/org/hamcrest/hamcrest-core/1.3/hamcrest-core-1.3.jar:/home/ch61/.m2/repository/org/hamcrest/hamcrest-all/1.3/hamcrest-all-1.3.jar:/home/ch61/.m2/repository/org/mockito/mockito-core/3.0.0/mockito-core-3.0.0.jar:/home/ch61/.m2/repository/net/bytebuddy/byte-buddy/1.9.10/byte-buddy-1.9.10.jar:/home/ch61/.m2/repository/net/bytebuddy/byte-buddy-agent/1.9.10/byte-buddy-agent-1.9.10.jar:/home/ch61/.m2/repository/org/objenesis/objenesis/2.6/objenesis-2.6.jar:/home/ch61/.m2/repository/org/powermock/powermock-api-mockito2/2.0.2/powermock-api-mockito2-2.0.2.jar:/home/ch61/.m2/repository/org/powermock/powermock-api-support/2.0.2/powermock-api-support-2.0.2.jar:/home/ch61/.m2/repository/org/powermock/powermock-reflect/2.0.2/powermock-reflect-2.0.2.jar:/home/ch61/.m2/repository/org/powermock/powermock-core/2.0.2/powermock-core-2.0.2.jar:/home/ch61/.m2/repository/org/javassist/javassist/3.24.0-GA/javassist-3.24.0-GA.jar:/home/ch61/.m2/repository/org/powermock/powermock-module-junit4/2.0.2/powermock-module-junit4-2.0.2.jar:/home/ch61/.m2/repository/org/powermock/powermock-module-junit4-common/2.0.2/powermock-module-junit4-common-2.0.2.jar:"/>
    <property name="nondexExecid" value="clean_8yzcNKtaZdlVowgeAKEWQz1Us0SSSRR8razN5OoVZc="/>
    <property name="sun.cpu.endian" value="little"/>
    <property name="user.home" value="/home/ch61"/>
    <property name="user.language" value="en"/>
    <property name="java.specification.vendor" value="Oracle Corporation"/>
    <property name="java.home" value="/usr/lib/jvm/java-8-openjdk-amd64/jre"/>
    <property name="basedir" value="/home/ch61/bookkeeper/bookkeeper-server"/>
    <property name="file.separator" value="/"/>
    <property name="nondexEnd" value="9223372036854775807"/>
    <property name="line.separator" value="&#10;"/>
    <property name="java.vm.specification.vendor" value="Oracle Corporation"/>
    <property name="java.specification.name" value="Java Platform API Specification"/>
    <property name="java.awt.graphicsenv" value="sun.awt.X11GraphicsEnvironment"/>
    <property name="nondexFilter" value=".*"/>
    <property name="nondexSeed" value="933178"/>
    <property name="surefire.real.class.path" value="/home/ch61/bookkeeper/bookkeeper-server/target/surefire/surefirebooter1433881318680633219.jar"/>
    <property name="sun.boot.class.path" value="/usr/lib/jvm/java-8-openjdk-amd64/jre/lib/resources.jar:/usr/lib/jvm/java-8-openjdk-amd64/jre/lib/rt.jar:/usr/lib/jvm/java-8-openjdk-amd64/jre/lib/sunrsasign.jar:/usr/lib/jvm/java-8-openjdk-amd64/jre/lib/jsse.jar:/usr/lib/jvm/java-8-openjdk-amd64/jre/lib/jce.jar:/usr/lib/jvm/java-8-openjdk-amd64/jre/lib/charsets.jar:/usr/lib/jvm/java-8-openjdk-amd64/jre/lib/jfr.jar:/usr/lib/jvm/java-8-openjdk-amd64/jre/classes"/>
    <property name="sun.management.compiler" value="HotSpot 64-Bit Tiered Compilers"/>
    <property name="java.runtime.version" value="1.8.0_292-8u292-b10-0ubuntu1~18.04-b10"/>
    <property name="java.net.preferIPv4Stack" value="true"/>
    <property name="user.name" value="ch61"/>
    <property name="path.separator" value=":"/>
    <property name="os.version" value="4.15.0-161-generic"/>
    <property name="java.endorsed.dirs" value="/usr/lib/jvm/java-8-openjdk-amd64/jre/lib/endorsed"/>
    <property name="java.runtime.name" value="OpenJDK Runtime Environment"/>
    <property name="file.encoding" value="UTF-8"/>
    <property name="java.vm.name" value="OpenJDK 64-Bit Server VM"/>
    <property name="localRepository" value="/home/ch61/.m2/repository"/>
    <property name="nondexDir" value="/home/ch61/bookkeeper/bookkeeper-server/.nondex"/>
    <property name="nondexJarDir" value=".nondex"/>
    <property name="java.vendor.url.bug" value="http://bugreport.sun.com/bugreport/"/>
    <property name="java.io.tmpdir" value="/tmp"/>
    <property name="java.version" value="1.8.0_292"/>
    <property name="user.dir" value="/home/ch61/bookkeeper/bookkeeper-server"/>
    <property name="os.arch" value="amd64"/>
    <property name="nondexMode" value="FULL"/>
    <property name="java.vm.specification.name" value="Java Virtual Machine Specification"/>
    <property name="java.awt.printerjob" value="sun.print.PSPrinterJob"/>
    <property name="sun.os.patch.level" value="unknown"/>
    <property name="java.library.path" value="/usr/java/packages/lib/amd64:/usr/lib/x86_64-linux-gnu/jni:/lib/x86_64-linux-gnu:/usr/lib/x86_64-linux-gnu:/usr/lib/jni:/lib:/usr/lib"/>
    <property name="java.vm.info" value="mixed mode"/>
    <property name="java.vendor" value="Private Build"/>
    <property name="java.vm.version" value="25.292-b10"/>
    <property name="java.ext.dirs" value="/usr/lib/jvm/java-8-openjdk-amd64/jre/lib/ext:/usr/java/packages/lib/ext"/>
    <property name="sun.io.unicode.encoding" value="UnicodeLittle"/>
    <property name="java.class.version" value="52.0"/>
  </properties>
  <testcase name="testRecoverIndexWhenIndexIsPartiallyFlush" classname="org.apache.bookkeeper.bookie.CompactionByBytesTest" time="7.12"/>
  <testcase name="testMinorCompactionWithEntryLogPerLedgerEnabled" classname="org.apache.bookkeeper.bookie.CompactionByBytesTest" time="3.782"/>
  <testcase name="testMinorCompactionWithNoWritableLedgerDirsButIsForceGCAllowWhenNoSpaceIsSet" classname="org.apache.bookkeeper.bookie.CompactionByBytesTest" time="4.743"/>
  <testcase name="testCompactionSafety" classname="org.apache.bookkeeper.bookie.CompactionByBytesTest" time="2.736"/>
  <testcase name="testCompactionPersistence" classname="org.apache.bookkeeper.bookie.CompactionByBytesTest" time="5.532"/>
  <testcase name="testForceGarbageCollection" classname="org.apache.bookkeeper.bookie.CompactionByBytesTest" time="0.894"/>
  <testcase name="testForceMinorCompaction" classname="org.apache.bookkeeper.bookie.CompactionByBytesTest" time="5.598"/>
  <testcase name="testMinorCompactionWithNoWritableLedgerDirs" classname="org.apache.bookkeeper.bookie.CompactionByBytesTest" time="3.429"/>
  <testcase name="testForceGarbageCollectionWhenDisableCompactionConfigurationSettings" classname="org.apache.bookkeeper.bookie.CompactionByBytesTest" time="3.43"/>
  <testcase name="testMinorCompactionWithMaxTimeMillis" classname="org.apache.bookkeeper.bookie.CompactionByBytesTest" time="4.776">
    <failure message="Found entry log file ([0,1,2].log that should have not been compacted in ledgerDirectory: /tmp/bookie7377223436374980804test" type="java.lang.AssertionError"><![CDATA[java.lang.AssertionError: Found entry log file ([0,1,2].log that should have not been compacted in ledgerDirectory: /tmp/bookie7377223436374980804test
	at org.junit.Assert.fail(Assert.java:88)
	at org.junit.Assert.assertTrue(Assert.java:41)
	at org.junit.Assert.assertFalse(Assert.java:64)
	at org.apache.bookkeeper.bookie.CompactionTest.testMinorCompactionWithMaxTimeMillis(CompactionTest.java:454)
	at sun.reflect.NativeMethodAccessorImpl.invoke0(Native Method)
	at sun.reflect.NativeMethodAccessorImpl.invoke(NativeMethodAccessorImpl.java:62)
	at sun.reflect.DelegatingMethodAccessorImpl.invoke(DelegatingMethodAccessorImpl.java:43)
	at java.lang.reflect.Method.invoke(Method.java:498)
	at org.junit.runners.model.FrameworkMethod$1.runReflectiveCall(FrameworkMethod.java:50)
	at org.junit.internal.runners.model.ReflectiveCallable.run(ReflectiveCallable.java:12)
	at org.junit.runners.model.FrameworkMethod.invokeExplosively(FrameworkMethod.java:47)
	at org.junit.internal.runners.statements.InvokeMethod.evaluate(InvokeMethod.java:17)
	at org.junit.internal.runners.statements.RunBefores.evaluate(RunBefores.java:26)
	at org.junit.internal.runners.statements.RunAfters.evaluate(RunAfters.java:27)
	at org.junit.internal.runners.statements.FailOnTimeout$CallableStatement.call(FailOnTimeout.java:298)
	at org.junit.internal.runners.statements.FailOnTimeout$CallableStatement.call(FailOnTimeout.java:292)
	at java.util.concurrent.FutureTask.run(FutureTask.java:266)
	at java.lang.Thread.run(Thread.java:748)
]]></failure>
    <system-out><![CDATA[17:38:45.813 [Time-limited test] ERROR org.apache.bookkeeper.client.RackawareEnsemblePlacementPolicyImpl - Failed to initialize DNS Resolver org.apache.bookkeeper.net.ScriptBasedMapping, used default subnet resolver 
java.lang.RuntimeException: No network topology script is found when using script based DNS resolver.
	at org.apache.bookkeeper.net.ScriptBasedMapping$RawScriptBasedMapping.validateConf(ScriptBasedMapping.java:163) ~[classes/:?]
	at org.apache.bookkeeper.net.AbstractDNSToSwitchMapping.setConf(AbstractDNSToSwitchMapping.java:81) ~[classes/:?]
	at org.apache.bookkeeper.net.ScriptBasedMapping.setConf(ScriptBasedMapping.java:123) ~[classes/:?]
	at org.apache.bookkeeper.client.RackawareEnsemblePlacementPolicyImpl.initialize(RackawareEnsemblePlacementPolicyImpl.java:265) [classes/:?]
	at org.apache.bookkeeper.client.RackawareEnsemblePlacementPolicyImpl.initialize(RackawareEnsemblePlacementPolicyImpl.java:80) [classes/:?]
	at org.apache.bookkeeper.client.BookKeeper.initializeEnsemblePlacementPolicy(BookKeeper.java:581) [classes/:?]
	at org.apache.bookkeeper.client.BookKeeper.<init>(BookKeeper.java:505) [classes/:?]
	at org.apache.bookkeeper.client.BookKeeperTestClient.<init>(BookKeeperTestClient.java:51) [test-classes/:?]
	at org.apache.bookkeeper.test.BookKeeperClusterTestCase.startBKCluster(BookKeeperClusterTestCase.java:247) [test-classes/:?]
	at org.apache.bookkeeper.test.BookKeeperClusterTestCase.setUp(BookKeeperClusterTestCase.java:160) [test-classes/:?]
	at org.apache.bookkeeper.test.BookKeeperClusterTestCase.setUp(BookKeeperClusterTestCase.java:145) [test-classes/:?]
	at org.apache.bookkeeper.bookie.CompactionTest.setUp(CompactionTest.java:143) [test-classes/:?]
	at sun.reflect.NativeMethodAccessorImpl.invoke0(Native Method) ~[?:1.8.0_292]
	at sun.reflect.NativeMethodAccessorImpl.invoke(NativeMethodAccessorImpl.java:62) ~[?:1.8.0_292]
	at sun.reflect.DelegatingMethodAccessorImpl.invoke(DelegatingMethodAccessorImpl.java:43) ~[?:1.8.0_292]
	at java.lang.reflect.Method.invoke(Method.java:498) ~[?:1.8.0_292]
	at org.junit.runners.model.FrameworkMethod$1.runReflectiveCall(FrameworkMethod.java:50) [junit-4.12.jar:4.12]
	at org.junit.internal.runners.model.ReflectiveCallable.run(ReflectiveCallable.java:12) [junit-4.12.jar:4.12]
	at org.junit.runners.model.FrameworkMethod.invokeExplosively(FrameworkMethod.java:47) [junit-4.12.jar:4.12]
	at org.junit.internal.runners.statements.RunBefores.evaluate(RunBefores.java:24) [junit-4.12.jar:4.12]
	at org.junit.internal.runners.statements.RunAfters.evaluate(RunAfters.java:27) [junit-4.12.jar:4.12]
	at org.junit.internal.runners.statements.FailOnTimeout$CallableStatement.call(FailOnTimeout.java:298) [junit-4.12.jar:4.12]
	at org.junit.internal.runners.statements.FailOnTimeout$CallableStatement.call(FailOnTimeout.java:292) [junit-4.12.jar:4.12]
	at java.util.concurrent.FutureTask.run(FutureTask.java:266) [?:1.8.0_292]
	at java.lang.Thread.run(Thread.java:748) [?:1.8.0_292]
17:38:45.845 [Time-limited test] ERROR org.apache.bookkeeper.bookie.Journal - Problems reading from /tmp/bookie7377223436374980804test/current/lastMark (this is okay if it is the first time starting this bookie
17:38:48.783 [pool-176-thread-1] ERROR org.apache.zookeeper.server.NIOServerCnxnFactory - Thread Thread[pool-176-thread-1,5,FailOnTimeoutGroup] died
java.lang.NullPointerException: null
	at org.apache.bookkeeper.bookie.EntryLoggerAllocator.closePreAllocateLog(EntryLoggerAllocator.java:191) ~[classes/:?]
	at java.util.concurrent.ThreadPoolExecutor.runWorker(ThreadPoolExecutor.java:1149) ~[?:1.8.0_292]
	at java.util.concurrent.ThreadPoolExecutor$Worker.run(ThreadPoolExecutor.java:624) ~[?:1.8.0_292]
	at java.lang.Thread.run(Thread.java:748) [?:1.8.0_292]
17:38:50.344 [pool-182-thread-1] ERROR org.apache.zookeeper.server.NIOServerCnxnFactory - Thread Thread[pool-182-thread-1,5,FailOnTimeoutGroup] died
java.lang.NullPointerException: null
	at org.apache.bookkeeper.bookie.EntryLoggerAllocator.closePreAllocateLog(EntryLoggerAllocator.java:191) ~[classes/:?]
	at java.util.concurrent.ThreadPoolExecutor.runWorker(ThreadPoolExecutor.java:1149) ~[?:1.8.0_292]
	at java.util.concurrent.ThreadPoolExecutor$Worker.run(ThreadPoolExecutor.java:624) ~[?:1.8.0_292]
	at java.lang.Thread.run(Thread.java:748) [?:1.8.0_292]
]]></system-out>
    <rerunFailure message="Found entry log file ([0,1,2].log that should have not been compacted in ledgerDirectory: /tmp/bookie2249688349618512042test" type="java.lang.AssertionError">
      <stackTrace><![CDATA[java.lang.AssertionError: Found entry log file ([0,1,2].log that should have not been compacted in ledgerDirectory: /tmp/bookie2249688349618512042test
	at org.junit.Assert.fail(Assert.java:88)
	at org.junit.Assert.assertTrue(Assert.java:41)
	at org.junit.Assert.assertFalse(Assert.java:64)
	at org.apache.bookkeeper.bookie.CompactionTest.testMinorCompactionWithMaxTimeMillis(CompactionTest.java:454)
	at sun.reflect.NativeMethodAccessorImpl.invoke0(Native Method)
	at sun.reflect.NativeMethodAccessorImpl.invoke(NativeMethodAccessorImpl.java:62)
	at sun.reflect.DelegatingMethodAccessorImpl.invoke(DelegatingMethodAccessorImpl.java:43)
	at java.lang.reflect.Method.invoke(Method.java:498)
	at org.junit.runners.model.FrameworkMethod$1.runReflectiveCall(FrameworkMethod.java:50)
	at org.junit.internal.runners.model.ReflectiveCallable.run(ReflectiveCallable.java:12)
	at org.junit.runners.model.FrameworkMethod.invokeExplosively(FrameworkMethod.java:47)
	at org.junit.internal.runners.statements.InvokeMethod.evaluate(InvokeMethod.java:17)
	at org.junit.internal.runners.statements.RunBefores.evaluate(RunBefores.java:26)
	at org.junit.internal.runners.statements.RunAfters.evaluate(RunAfters.java:27)
	at org.junit.internal.runners.statements.FailOnTimeout$CallableStatement.call(FailOnTimeout.java:298)
	at org.junit.internal.runners.statements.FailOnTimeout$CallableStatement.call(FailOnTimeout.java:292)
	at java.util.concurrent.FutureTask.run(FutureTask.java:266)
	at java.lang.Thread.run(Thread.java:748)
]]></stackTrace>
      <system-out><![CDATA[17:39:59.144 [Time-limited test] ERROR org.apache.bookkeeper.client.RackawareEnsemblePlacementPolicyImpl - Failed to initialize DNS Resolver org.apache.bookkeeper.net.ScriptBasedMapping, used default subnet resolver 
java.lang.RuntimeException: No network topology script is found when using script based DNS resolver.
	at org.apache.bookkeeper.net.ScriptBasedMapping$RawScriptBasedMapping.validateConf(ScriptBasedMapping.java:163) ~[classes/:?]
	at org.apache.bookkeeper.net.AbstractDNSToSwitchMapping.setConf(AbstractDNSToSwitchMapping.java:81) ~[classes/:?]
	at org.apache.bookkeeper.net.ScriptBasedMapping.setConf(ScriptBasedMapping.java:123) ~[classes/:?]
	at org.apache.bookkeeper.client.RackawareEnsemblePlacementPolicyImpl.initialize(RackawareEnsemblePlacementPolicyImpl.java:265) [classes/:?]
	at org.apache.bookkeeper.client.RackawareEnsemblePlacementPolicyImpl.initialize(RackawareEnsemblePlacementPolicyImpl.java:80) [classes/:?]
	at org.apache.bookkeeper.client.BookKeeper.initializeEnsemblePlacementPolicy(BookKeeper.java:581) [classes/:?]
	at org.apache.bookkeeper.client.BookKeeper.<init>(BookKeeper.java:505) [classes/:?]
	at org.apache.bookkeeper.client.BookKeeperTestClient.<init>(BookKeeperTestClient.java:51) [test-classes/:?]
	at org.apache.bookkeeper.test.BookKeeperClusterTestCase.startBKCluster(BookKeeperClusterTestCase.java:247) [test-classes/:?]
	at org.apache.bookkeeper.test.BookKeeperClusterTestCase.setUp(BookKeeperClusterTestCase.java:160) [test-classes/:?]
	at org.apache.bookkeeper.test.BookKeeperClusterTestCase.setUp(BookKeeperClusterTestCase.java:145) [test-classes/:?]
	at org.apache.bookkeeper.bookie.CompactionTest.setUp(CompactionTest.java:143) [test-classes/:?]
	at sun.reflect.GeneratedMethodAccessor17.invoke(Unknown Source) ~[?:?]
	at sun.reflect.DelegatingMethodAccessorImpl.invoke(DelegatingMethodAccessorImpl.java:43) ~[?:1.8.0_292]
	at java.lang.reflect.Method.invoke(Method.java:498) ~[?:1.8.0_292]
	at org.junit.runners.model.FrameworkMethod$1.runReflectiveCall(FrameworkMethod.java:50) [junit-4.12.jar:4.12]
	at org.junit.internal.runners.model.ReflectiveCallable.run(ReflectiveCallable.java:12) [junit-4.12.jar:4.12]
	at org.junit.runners.model.FrameworkMethod.invokeExplosively(FrameworkMethod.java:47) [junit-4.12.jar:4.12]
	at org.junit.internal.runners.statements.RunBefores.evaluate(RunBefores.java:24) [junit-4.12.jar:4.12]
	at org.junit.internal.runners.statements.RunAfters.evaluate(RunAfters.java:27) [junit-4.12.jar:4.12]
	at org.junit.internal.runners.statements.FailOnTimeout$CallableStatement.call(FailOnTimeout.java:298) [junit-4.12.jar:4.12]
	at org.junit.internal.runners.statements.FailOnTimeout$CallableStatement.call(FailOnTimeout.java:292) [junit-4.12.jar:4.12]
	at java.util.concurrent.FutureTask.run(FutureTask.java:266) [?:1.8.0_292]
	at java.lang.Thread.run(Thread.java:748) [?:1.8.0_292]
17:39:59.159 [Time-limited test] ERROR org.apache.bookkeeper.bookie.Journal - Problems reading from /tmp/bookie2249688349618512042test/current/lastMark (this is okay if it is the first time starting this bookie
17:40:02.074 [pool-372-thread-1] ERROR org.apache.zookeeper.server.NIOServerCnxnFactory - Thread Thread[pool-372-thread-1,5,FailOnTimeoutGroup] died
java.lang.NullPointerException: null
	at org.apache.bookkeeper.bookie.EntryLoggerAllocator.closePreAllocateLog(EntryLoggerAllocator.java:191) ~[classes/:?]
	at java.util.concurrent.ThreadPoolExecutor.runWorker(ThreadPoolExecutor.java:1149) ~[?:1.8.0_292]
	at java.util.concurrent.ThreadPoolExecutor$Worker.run(ThreadPoolExecutor.java:624) ~[?:1.8.0_292]
	at java.lang.Thread.run(Thread.java:748) [?:1.8.0_292]
17:40:03.616 [pool-378-thread-1] ERROR org.apache.zookeeper.server.NIOServerCnxnFactory - Thread Thread[pool-378-thread-1,5,FailOnTimeoutGroup] died
java.lang.NullPointerException: null
	at org.apache.bookkeeper.bookie.EntryLoggerAllocator.closePreAllocateLog(EntryLoggerAllocator.java:191) ~[classes/:?]
	at java.util.concurrent.ThreadPoolExecutor.runWorker(ThreadPoolExecutor.java:1149) ~[?:1.8.0_292]
	at java.util.concurrent.ThreadPoolExecutor$Worker.run(ThreadPoolExecutor.java:624) ~[?:1.8.0_292]
	at java.lang.Thread.run(Thread.java:748) [?:1.8.0_292]
]]></system-out>
    </rerunFailure>
    <rerunFailure message="Found entry log file ([0,1,2].log that should have not been compacted in ledgerDirectory: /tmp/bookie850726418748264681test" type="java.lang.AssertionError">
      <stackTrace><![CDATA[java.lang.AssertionError: Found entry log file ([0,1,2].log that should have not been compacted in ledgerDirectory: /tmp/bookie850726418748264681test
	at org.junit.Assert.fail(Assert.java:88)
	at org.junit.Assert.assertTrue(Assert.java:41)
	at org.junit.Assert.assertFalse(Assert.java:64)
	at org.apache.bookkeeper.bookie.CompactionTest.testMinorCompactionWithMaxTimeMillis(CompactionTest.java:454)
	at sun.reflect.NativeMethodAccessorImpl.invoke0(Native Method)
	at sun.reflect.NativeMethodAccessorImpl.invoke(NativeMethodAccessorImpl.java:62)
	at sun.reflect.DelegatingMethodAccessorImpl.invoke(DelegatingMethodAccessorImpl.java:43)
	at java.lang.reflect.Method.invoke(Method.java:498)
	at org.junit.runners.model.FrameworkMethod$1.runReflectiveCall(FrameworkMethod.java:50)
	at org.junit.internal.runners.model.ReflectiveCallable.run(ReflectiveCallable.java:12)
	at org.junit.runners.model.FrameworkMethod.invokeExplosively(FrameworkMethod.java:47)
	at org.junit.internal.runners.statements.InvokeMethod.evaluate(InvokeMethod.java:17)
	at org.junit.internal.runners.statements.RunBefores.evaluate(RunBefores.java:26)
	at org.junit.internal.runners.statements.RunAfters.evaluate(RunAfters.java:27)
	at org.junit.internal.runners.statements.FailOnTimeout$CallableStatement.call(FailOnTimeout.java:298)
	at org.junit.internal.runners.statements.FailOnTimeout$CallableStatement.call(FailOnTimeout.java:292)
	at java.util.concurrent.FutureTask.run(FutureTask.java:266)
	at java.lang.Thread.run(Thread.java:748)
]]></stackTrace>
      <system-out><![CDATA[17:40:03.869 [Time-limited test] ERROR org.apache.bookkeeper.client.RackawareEnsemblePlacementPolicyImpl - Failed to initialize DNS Resolver org.apache.bookkeeper.net.ScriptBasedMapping, used default subnet resolver 
java.lang.RuntimeException: No network topology script is found when using script based DNS resolver.
	at org.apache.bookkeeper.net.ScriptBasedMapping$RawScriptBasedMapping.validateConf(ScriptBasedMapping.java:163) ~[classes/:?]
	at org.apache.bookkeeper.net.AbstractDNSToSwitchMapping.setConf(AbstractDNSToSwitchMapping.java:81) ~[classes/:?]
	at org.apache.bookkeeper.net.ScriptBasedMapping.setConf(ScriptBasedMapping.java:123) ~[classes/:?]
	at org.apache.bookkeeper.client.RackawareEnsemblePlacementPolicyImpl.initialize(RackawareEnsemblePlacementPolicyImpl.java:265) [classes/:?]
	at org.apache.bookkeeper.client.RackawareEnsemblePlacementPolicyImpl.initialize(RackawareEnsemblePlacementPolicyImpl.java:80) [classes/:?]
	at org.apache.bookkeeper.client.BookKeeper.initializeEnsemblePlacementPolicy(BookKeeper.java:581) [classes/:?]
	at org.apache.bookkeeper.client.BookKeeper.<init>(BookKeeper.java:505) [classes/:?]
	at org.apache.bookkeeper.client.BookKeeperTestClient.<init>(BookKeeperTestClient.java:51) [test-classes/:?]
	at org.apache.bookkeeper.test.BookKeeperClusterTestCase.startBKCluster(BookKeeperClusterTestCase.java:247) [test-classes/:?]
	at org.apache.bookkeeper.test.BookKeeperClusterTestCase.setUp(BookKeeperClusterTestCase.java:160) [test-classes/:?]
	at org.apache.bookkeeper.test.BookKeeperClusterTestCase.setUp(BookKeeperClusterTestCase.java:145) [test-classes/:?]
	at org.apache.bookkeeper.bookie.CompactionTest.setUp(CompactionTest.java:143) [test-classes/:?]
	at sun.reflect.GeneratedMethodAccessor17.invoke(Unknown Source) ~[?:?]
	at sun.reflect.DelegatingMethodAccessorImpl.invoke(DelegatingMethodAccessorImpl.java:43) ~[?:1.8.0_292]
	at java.lang.reflect.Method.invoke(Method.java:498) ~[?:1.8.0_292]
	at org.junit.runners.model.FrameworkMethod$1.runReflectiveCall(FrameworkMethod.java:50) [junit-4.12.jar:4.12]
	at org.junit.internal.runners.model.ReflectiveCallable.run(ReflectiveCallable.java:12) [junit-4.12.jar:4.12]
	at org.junit.runners.model.FrameworkMethod.invokeExplosively(FrameworkMethod.java:47) [junit-4.12.jar:4.12]
	at org.junit.internal.runners.statements.RunBefores.evaluate(RunBefores.java:24) [junit-4.12.jar:4.12]
	at org.junit.internal.runners.statements.RunAfters.evaluate(RunAfters.java:27) [junit-4.12.jar:4.12]
	at org.junit.internal.runners.statements.FailOnTimeout$CallableStatement.call(FailOnTimeout.java:298) [junit-4.12.jar:4.12]
	at org.junit.internal.runners.statements.FailOnTimeout$CallableStatement.call(FailOnTimeout.java:292) [junit-4.12.jar:4.12]
	at java.util.concurrent.FutureTask.run(FutureTask.java:266) [?:1.8.0_292]
	at java.lang.Thread.run(Thread.java:748) [?:1.8.0_292]
17:40:03.885 [Time-limited test] ERROR org.apache.bookkeeper.bookie.Journal - Problems reading from /tmp/bookie850726418748264681test/current/lastMark (this is okay if it is the first time starting this bookie
17:40:06.803 [pool-390-thread-1] ERROR org.apache.zookeeper.server.NIOServerCnxnFactory - Thread Thread[pool-390-thread-1,5,FailOnTimeoutGroup] died
java.lang.NullPointerException: null
	at org.apache.bookkeeper.bookie.EntryLoggerAllocator.closePreAllocateLog(EntryLoggerAllocator.java:191) ~[classes/:?]
	at java.util.concurrent.ThreadPoolExecutor.runWorker(ThreadPoolExecutor.java:1149) ~[?:1.8.0_292]
	at java.util.concurrent.ThreadPoolExecutor$Worker.run(ThreadPoolExecutor.java:624) ~[?:1.8.0_292]
	at java.lang.Thread.run(Thread.java:748) [?:1.8.0_292]
17:40:08.371 [pool-396-thread-1] ERROR org.apache.zookeeper.server.NIOServerCnxnFactory - Thread Thread[pool-396-thread-1,5,FailOnTimeoutGroup] died
java.lang.NullPointerException: null
	at org.apache.bookkeeper.bookie.EntryLoggerAllocator.closePreAllocateLog(EntryLoggerAllocator.java:191) ~[classes/:?]
	at java.util.concurrent.ThreadPoolExecutor.runWorker(ThreadPoolExecutor.java:1149) ~[?:1.8.0_292]
	at java.util.concurrent.ThreadPoolExecutor$Worker.run(ThreadPoolExecutor.java:624) ~[?:1.8.0_292]
	at java.lang.Thread.run(Thread.java:748) [?:1.8.0_292]
]]></system-out>
    </rerunFailure>
  </testcase>
  <testcase name="testDisableCompaction" classname="org.apache.bookkeeper.bookie.CompactionByBytesTest" time="3.404"/>
  <testcase name="testForceMajorCompaction" classname="org.apache.bookkeeper.bookie.CompactionByBytesTest" time="5.477"/>
  <testcase name="testSuspendGarbageCollection" classname="org.apache.bookkeeper.bookie.CompactionByBytesTest" time="15.758"/>
  <testcase name="testCompactionSmallEntryLogs" classname="org.apache.bookkeeper.bookie.CompactionByBytesTest" time="6.885"/>
  <testcase name="testWhenNoLogsToCompact" classname="org.apache.bookkeeper.bookie.CompactionByBytesTest" time="0.636"/>
  <testcase name="testMinorCompaction" classname="org.apache.bookkeeper.bookie.CompactionByBytesTest" time="5.409"/>
  <testcase name="testCompactionFailureShouldNotResultInDuplicatedData" classname="org.apache.bookkeeper.bookie.CompactionByBytesTest" time="18.124"/>
  <testcase name="testCompactionWhenLedgerDirsAreFull" classname="org.apache.bookkeeper.bookie.CompactionByBytesTest" time="5.447"/>
  <testcase name="testMajorCompactionAboveThreshold" classname="org.apache.bookkeeper.bookie.CompactionByBytesTest" time="1.984"/>
  <testcase name="testMajorCompaction" classname="org.apache.bookkeeper.bookie.CompactionByBytesTest" time="5.427"/>
</testsuite>