<?xml version="1.0" encoding="UTF-8"?>
<testsuite xmlns:xsi="http://www.w3.org/2001/XMLSchema-instance" xsi:noNamespaceSchemaLocation="https://maven.apache.org/surefire/maven-surefire-plugin/xsd/surefire-test-report-3.0.xsd" version="3.0" name="org.apache.bookkeeper.tls.TestTLS" time="739.029" tests="182" errors="0" skipped="12" failures="0">
  <properties>
    <property name="awt.toolkit" value="sun.awt.X11.XToolkit"/>
    <property name="file.encoding.pkg" value="sun.io"/>
    <property name="nondexStart" value="0"/>
    <property name="java.specification.version" value="1.8"/>
    <property name="sun.cpu.isalist" value=""/>
    <property name="sun.jnu.encoding" value="UTF-8"/>
    <property name="java.class.path" value="/home/ch61/bookkeeper/bookkeeper-server/target/test-classes:/home/ch61/bookkeeper/bookkeeper-server/target/classes:/home/ch61/bookkeeper/bookkeeper-common/target/classes:/home/ch61/bookkeeper/bookkeeper-stats/target/classes:/home/ch61/bookkeeper/cpu-affinity/target/classes:/home/ch61/.m2/repository/com/google/guava/guava/30.0-jre/guava-30.0-jre.jar:/home/ch61/.m2/repository/com/google/guava/failureaccess/1.0.1/failureaccess-1.0.1.jar:/home/ch61/.m2/repository/com/google/guava/listenablefuture/9999.0-empty-to-avoid-conflict-with-guava/listenablefuture-9999.0-empty-to-avoid-conflict-with-guava.jar:/home/ch61/.m2/repository/org/checkerframework/checker-qual/3.5.0/checker-qual-3.5.0.jar:/home/ch61/.m2/repository/com/google/errorprone/error_prone_annotations/2.4.0/error_prone_annotations-2.4.0.jar:/home/ch61/.m2/repository/com/google/j2objc/j2objc-annotations/1.3/j2objc-annotations-1.3.jar:/home/ch61/.m2/repository/io/netty/netty-common/4.1.68.Final/netty-common-4.1.68.Final.jar:/home/ch61/.m2/repository/com/fasterxml/jackson/core/jackson-core/2.11.0/jackson-core-2.11.0.jar:/home/ch61/.m2/repository/com/fasterxml/jackson/core/jackson-databind/2.11.0/jackson-databind-2.11.0.jar:/home/ch61/.m2/repository/com/fasterxml/jackson/core/jackson-annotations/2.11.0/jackson-annotations-2.11.0.jar:/home/ch61/.m2/repository/org/jctools/jctools-core/2.1.2/jctools-core-2.1.2.jar:/home/ch61/bookkeeper/bookkeeper-common-allocator/target/classes:/home/ch61/.m2/repository/io/netty/netty-buffer/4.1.68.Final/netty-buffer-4.1.68.Final.jar:/home/ch61/bookkeeper/bookkeeper-proto/target/classes:/home/ch61/.m2/repository/com/google/protobuf/protobuf-java/3.14.0/protobuf-java-3.14.0.jar:/home/ch61/bookkeeper/tools/framework/target/classes:/home/ch61/.m2/repository/org/rocksdb/rocksdbjni/6.22.1.1/rocksdbjni-6.22.1.1.jar:/home/ch61/.m2/repository/org/apache/logging/log4j/log4j-1.2-api/2.14.1/log4j-1.2-api-2.14.1.jar:/home/ch61/.m2/repository/org/apache/logging/log4j/log4j-api/2.14.1/log4j-api-2.14.1.jar:/home/ch61/.m2/repository/org/apache/logging/log4j/log4j-core/2.14.1/log4j-core-2.14.1.jar:/home/ch61/.m2/repository/org/apache/logging/log4j/log4j-slf4j-impl/2.14.1/log4j-slf4j-impl-2.14.1.jar:/home/ch61/.m2/repository/org/apache/zookeeper/zookeeper/3.6.2/zookeeper-3.6.2.jar:/home/ch61/.m2/repository/commons-lang/commons-lang/2.6/commons-lang-2.6.jar:/home/ch61/.m2/repository/org/apache/zookeeper/zookeeper-jute/3.6.2/zookeeper-jute-3.6.2.jar:/home/ch61/.m2/repository/org/apache/yetus/audience-annotations/0.5.0/audience-annotations-0.5.0.jar:/home/ch61/.m2/repository/io/netty/netty-handler/4.1.68.Final/netty-handler-4.1.68.Final.jar:/home/ch61/.m2/repository/io/netty/netty-resolver/4.1.68.Final/netty-resolver-4.1.68.Final.jar:/home/ch61/.m2/repository/io/netty/netty-transport/4.1.68.Final/netty-transport-4.1.68.Final.jar:/home/ch61/.m2/repository/io/netty/netty-codec/4.1.68.Final/netty-codec-4.1.68.Final.jar:/home/ch61/.m2/repository/io/netty/netty-transport-native-epoll/4.1.68.Final/netty-transport-native-epoll-4.1.68.Final-linux-x86_64.jar:/home/ch61/.m2/repository/io/netty/netty-transport-native-unix-common/4.1.68.Final/netty-transport-native-unix-common-4.1.68.Final.jar:/home/ch61/.m2/repository/io/netty/netty-tcnative-boringssl-static/2.0.42.Final/netty-tcnative-boringssl-static-2.0.42.Final.jar:/home/ch61/bookkeeper/bookkeeper-http/http-server/target/classes:/home/ch61/bookkeeper/circe-checksum/target/classes:/home/ch61/.m2/repository/commons-cli/commons-cli/1.2/commons-cli-1.2.jar:/home/ch61/.m2/repository/commons-codec/commons-codec/1.6/commons-codec-1.6.jar:/home/ch61/.m2/repository/commons-io/commons-io/2.7/commons-io-2.7.jar:/home/ch61/.m2/repository/org/apache/commons/commons-lang3/3.6/commons-lang3-3.6.jar:/home/ch61/.m2/repository/org/apache/commons/commons-collections4/4.1/commons-collections4-4.1.jar:/home/ch61/.m2/repository/org/bouncycastle/bc-fips/1.0.2/bc-fips-1.0.2.jar:/home/ch61/.m2/repository/com/beust/jcommander/1.78/jcommander-1.78.jar:/home/ch61/.m2/repository/net/java/dev/jna/jna/3.2.7/jna-3.2.7.jar:/home/ch61/.m2/repository/org/apache/httpcomponents/httpclient/4.5.13/httpclient-4.5.13.jar:/home/ch61/.m2/repository/org/apache/httpcomponents/httpcore/4.4.13/httpcore-4.4.13.jar:/home/ch61/.m2/repository/commons-logging/commons-logging/1.2/commons-logging-1.2.jar:/home/ch61/bookkeeper/bookkeeper-common/target/test-classes:/home/ch61/.m2/repository/org/apache/kerby/kerby-config/1.1.1/kerby-config-1.1.1.jar:/home/ch61/.m2/repository/org/apache/kerby/kerb-simplekdc/1.1.1/kerb-simplekdc-1.1.1.jar:/home/ch61/.m2/repository/org/apache/kerby/kerb-client/1.1.1/kerb-client-1.1.1.jar:/home/ch61/.m2/repository/org/apache/kerby/kerb-core/1.1.1/kerb-core-1.1.1.jar:/home/ch61/.m2/repository/org/apache/kerby/kerby-pkix/1.1.1/kerby-pkix-1.1.1.jar:/home/ch61/.m2/repository/org/apache/kerby/kerby-asn1/1.1.1/kerby-asn1-1.1.1.jar:/home/ch61/.m2/repository/org/apache/kerby/kerby-util/1.1.1/kerby-util-1.1.1.jar:/home/ch61/.m2/repository/org/apache/kerby/kerb-common/1.1.1/kerb-common-1.1.1.jar:/home/ch61/.m2/repository/org/apache/kerby/kerb-crypto/1.1.1/kerb-crypto-1.1.1.jar:/home/ch61/.m2/repository/org/apache/kerby/kerb-util/1.1.1/kerb-util-1.1.1.jar:/home/ch61/.m2/repository/org/apache/kerby/token-provider/1.1.1/token-provider-1.1.1.jar:/home/ch61/.m2/repository/com/nimbusds/nimbus-jose-jwt/4.41.2/nimbus-jose-jwt-4.41.2.jar:/home/ch61/.m2/repository/com/github/stephenc/jcip/jcip-annotations/1.0-1/jcip-annotations-1.0-1.jar:/home/ch61/.m2/repository/net/minidev/json-smart/2.3/json-smart-2.3.jar:/home/ch61/.m2/repository/net/minidev/accessors-smart/1.2/accessors-smart-1.2.jar:/home/ch61/.m2/repository/org/ow2/asm/asm/5.0.4/asm-5.0.4.jar:/home/ch61/.m2/repository/org/apache/kerby/kerb-admin/1.1.1/kerb-admin-1.1.1.jar:/home/ch61/.m2/repository/org/apache/kerby/kerb-server/1.1.1/kerb-server-1.1.1.jar:/home/ch61/.m2/repository/org/apache/kerby/kerb-identity/1.1.1/kerb-identity-1.1.1.jar:/home/ch61/.m2/repository/org/apache/kerby/kerby-xdr/1.1.1/kerby-xdr-1.1.1.jar:/home/ch61/.m2/repository/org/apache/zookeeper/zookeeper/3.6.2/zookeeper-3.6.2-tests.jar:/home/ch61/.m2/repository/org/xerial/snappy/snappy-java/1.1.7/snappy-java-1.1.7.jar:/home/ch61/.m2/repository/io/dropwizard/metrics/metrics-core/3.2.5/metrics-core-3.2.5.jar:/home/ch61/bookkeeper/bookkeeper-stats-providers/prometheus-metrics-provider/target/classes:/home/ch61/.m2/repository/io/prometheus/simpleclient/0.8.1/simpleclient-0.8.1.jar:/home/ch61/.m2/repository/io/prometheus/simpleclient_hotspot/0.8.1/simpleclient_hotspot-0.8.1.jar:/home/ch61/.m2/repository/io/prometheus/simpleclient_servlet/0.8.1/simpleclient_servlet-0.8.1.jar:/home/ch61/.m2/repository/io/prometheus/simpleclient_common/0.8.1/simpleclient_common-0.8.1.jar:/home/ch61/.m2/repository/org/eclipse/jetty/jetty-servlet/9.4.43.v20210629/jetty-servlet-9.4.43.v20210629.jar:/home/ch61/.m2/repository/org/eclipse/jetty/jetty-security/9.4.43.v20210629/jetty-security-9.4.43.v20210629.jar:/home/ch61/.m2/repository/org/eclipse/jetty/jetty-server/9.4.43.v20210629/jetty-server-9.4.43.v20210629.jar:/home/ch61/.m2/repository/javax/servlet/javax.servlet-api/4.0.0/javax.servlet-api-4.0.0.jar:/home/ch61/.m2/repository/org/eclipse/jetty/jetty-http/9.4.43.v20210629/jetty-http-9.4.43.v20210629.jar:/home/ch61/.m2/repository/org/eclipse/jetty/jetty-io/9.4.43.v20210629/jetty-io-9.4.43.v20210629.jar:/home/ch61/.m2/repository/org/eclipse/jetty/jetty-util-ajax/9.4.43.v20210629/jetty-util-ajax-9.4.43.v20210629.jar:/home/ch61/.m2/repository/org/eclipse/jetty/jetty-util/9.4.43.v20210629/jetty-util-9.4.43.v20210629.jar:/home/ch61/.m2/repository/com/yahoo/datasketches/sketches-core/0.8.3/sketches-core-0.8.3.jar:/home/ch61/.m2/repository/com/yahoo/datasketches/memory/0.8.3/memory-0.8.3.jar:/home/ch61/bookkeeper/bookkeeper-http/vertx-http-server/target/classes:/home/ch61/.m2/repository/io/vertx/vertx-core/3.9.8/vertx-core-3.9.8.jar:/home/ch61/.m2/repository/io/netty/netty-handler-proxy/4.1.68.Final/netty-handler-proxy-4.1.68.Final.jar:/home/ch61/.m2/repository/io/netty/netty-codec-socks/4.1.68.Final/netty-codec-socks-4.1.68.Final.jar:/home/ch61/.m2/repository/io/netty/netty-codec-http/4.1.68.Final/netty-codec-http-4.1.68.Final.jar:/home/ch61/.m2/repository/io/netty/netty-codec-http2/4.1.68.Final/netty-codec-http2-4.1.68.Final.jar:/home/ch61/.m2/repository/io/netty/netty-resolver-dns/4.1.68.Final/netty-resolver-dns-4.1.68.Final.jar:/home/ch61/.m2/repository/io/netty/netty-codec-dns/4.1.68.Final/netty-codec-dns-4.1.68.Final.jar:/home/ch61/.m2/repository/io/vertx/vertx-web/3.9.8/vertx-web-3.9.8.jar:/home/ch61/.m2/repository/io/vertx/vertx-web-common/3.9.8/vertx-web-common-3.9.8.jar:/home/ch61/.m2/repository/io/vertx/vertx-auth-common/3.9.8/vertx-auth-common-3.9.8.jar:/home/ch61/.m2/repository/io/vertx/vertx-bridge-common/3.9.8/vertx-bridge-common-3.9.8.jar:/home/ch61/.m2/repository/org/projectlombok/lombok/1.18.20/lombok-1.18.20.jar:/home/ch61/.m2/repository/com/github/spotbugs/spotbugs-annotations/3.1.8/spotbugs-annotations-3.1.8.jar:/home/ch61/.m2/repository/com/google/code/findbugs/jsr305/3.0.2/jsr305-3.0.2.jar:/home/ch61/.m2/repository/org/slf4j/slf4j-api/1.7.32/slf4j-api-1.7.32.jar:/home/ch61/.m2/repository/commons-configuration/commons-configuration/1.10/commons-configuration-1.10.jar:/home/ch61/.m2/repository/junit/junit/4.12/junit-4.12.jar:/home/ch61/.m2/repository/org/hamcrest/hamcrest-core/1.3/hamcrest-core-1.3.jar:/home/ch61/.m2/repository/org/hamcrest/hamcrest-all/1.3/hamcrest-all-1.3.jar:/home/ch61/.m2/repository/org/mockito/mockito-core/3.0.0/mockito-core-3.0.0.jar:/home/ch61/.m2/repository/net/bytebuddy/byte-buddy/1.9.10/byte-buddy-1.9.10.jar:/home/ch61/.m2/repository/net/bytebuddy/byte-buddy-agent/1.9.10/byte-buddy-agent-1.9.10.jar:/home/ch61/.m2/repository/org/objenesis/objenesis/2.6/objenesis-2.6.jar:/home/ch61/.m2/repository/org/powermock/powermock-api-mockito2/2.0.2/powermock-api-mockito2-2.0.2.jar:/home/ch61/.m2/repository/org/powermock/powermock-api-support/2.0.2/powermock-api-support-2.0.2.jar:/home/ch61/.m2/repository/org/powermock/powermock-reflect/2.0.2/powermock-reflect-2.0.2.jar:/home/ch61/.m2/repository/org/powermock/powermock-core/2.0.2/powermock-core-2.0.2.jar:/home/ch61/.m2/repository/org/javassist/javassist/3.24.0-GA/javassist-3.24.0-GA.jar:/home/ch61/.m2/repository/org/powermock/powermock-module-junit4/2.0.2/powermock-module-junit4-2.0.2.jar:/home/ch61/.m2/repository/org/powermock/powermock-module-junit4-common/2.0.2/powermock-module-junit4-common-2.0.2.jar:"/>
    <property name="java.vm.vendor" value="Private Build"/>
    <property name="nondexPrintstack" value="false"/>
    <property name="sun.arch.data.model" value="64"/>
    <property name="java.vendor.url" value="http://java.oracle.com/"/>
    <property name="user.timezone" value=""/>
    <property name="io.netty.leakDetection.level" value="paranoid"/>
    <property name="java.vm.specification.version" value="1.8"/>
    <property name="os.name" value="Linux"/>
    <property name="sun.java.launcher" value="SUN_STANDARD"/>
    <property name="sun.boot.library.path" value="/usr/lib/jvm/java-8-openjdk-amd64/jre/lib/amd64"/>
    <property name="nondexLogging" value="CONFIG"/>
    <property name="sun.java.command" value="/home/ch61/bookkeeper/bookkeeper-server/target/surefire/surefirebooter4406697570546959382.jar /home/ch61/bookkeeper/bookkeeper-server/target/surefire 2021-11-02T16-37-35_012-jvmRun1 surefire6290758585437391756tmp surefire_2173494688074275208526tmp"/>
    <property name="surefire.test.class.path" value="/home/ch61/bookkeeper/bookkeeper-server/target/test-classes:/home/ch61/bookkeeper/bookkeeper-server/target/classes:/home/ch61/bookkeeper/bookkeeper-common/target/classes:/home/ch61/bookkeeper/bookkeeper-stats/target/classes:/home/ch61/bookkeeper/cpu-affinity/target/classes:/home/ch61/.m2/repository/com/google/guava/guava/30.0-jre/guava-30.0-jre.jar:/home/ch61/.m2/repository/com/google/guava/failureaccess/1.0.1/failureaccess-1.0.1.jar:/home/ch61/.m2/repository/com/google/guava/listenablefuture/9999.0-empty-to-avoid-conflict-with-guava/listenablefuture-9999.0-empty-to-avoid-conflict-with-guava.jar:/home/ch61/.m2/repository/org/checkerframework/checker-qual/3.5.0/checker-qual-3.5.0.jar:/home/ch61/.m2/repository/com/google/errorprone/error_prone_annotations/2.4.0/error_prone_annotations-2.4.0.jar:/home/ch61/.m2/repository/com/google/j2objc/j2objc-annotations/1.3/j2objc-annotations-1.3.jar:/home/ch61/.m2/repository/io/netty/netty-common/4.1.68.Final/netty-common-4.1.68.Final.jar:/home/ch61/.m2/repository/com/fasterxml/jackson/core/jackson-core/2.11.0/jackson-core-2.11.0.jar:/home/ch61/.m2/repository/com/fasterxml/jackson/core/jackson-databind/2.11.0/jackson-databind-2.11.0.jar:/home/ch61/.m2/repository/com/fasterxml/jackson/core/jackson-annotations/2.11.0/jackson-annotations-2.11.0.jar:/home/ch61/.m2/repository/org/jctools/jctools-core/2.1.2/jctools-core-2.1.2.jar:/home/ch61/bookkeeper/bookkeeper-common-allocator/target/classes:/home/ch61/.m2/repository/io/netty/netty-buffer/4.1.68.Final/netty-buffer-4.1.68.Final.jar:/home/ch61/bookkeeper/bookkeeper-proto/target/classes:/home/ch61/.m2/repository/com/google/protobuf/protobuf-java/3.14.0/protobuf-java-3.14.0.jar:/home/ch61/bookkeeper/tools/framework/target/classes:/home/ch61/.m2/repository/org/rocksdb/rocksdbjni/6.22.1.1/rocksdbjni-6.22.1.1.jar:/home/ch61/.m2/repository/org/apache/logging/log4j/log4j-1.2-api/2.14.1/log4j-1.2-api-2.14.1.jar:/home/ch61/.m2/repository/org/apache/logging/log4j/log4j-api/2.14.1/log4j-api-2.14.1.jar:/home/ch61/.m2/repository/org/apache/logging/log4j/log4j-core/2.14.1/log4j-core-2.14.1.jar:/home/ch61/.m2/repository/org/apache/logging/log4j/log4j-slf4j-impl/2.14.1/log4j-slf4j-impl-2.14.1.jar:/home/ch61/.m2/repository/org/apache/zookeeper/zookeeper/3.6.2/zookeeper-3.6.2.jar:/home/ch61/.m2/repository/commons-lang/commons-lang/2.6/commons-lang-2.6.jar:/home/ch61/.m2/repository/org/apache/zookeeper/zookeeper-jute/3.6.2/zookeeper-jute-3.6.2.jar:/home/ch61/.m2/repository/org/apache/yetus/audience-annotations/0.5.0/audience-annotations-0.5.0.jar:/home/ch61/.m2/repository/io/netty/netty-handler/4.1.68.Final/netty-handler-4.1.68.Final.jar:/home/ch61/.m2/repository/io/netty/netty-resolver/4.1.68.Final/netty-resolver-4.1.68.Final.jar:/home/ch61/.m2/repository/io/netty/netty-transport/4.1.68.Final/netty-transport-4.1.68.Final.jar:/home/ch61/.m2/repository/io/netty/netty-codec/4.1.68.Final/netty-codec-4.1.68.Final.jar:/home/ch61/.m2/repository/io/netty/netty-transport-native-epoll/4.1.68.Final/netty-transport-native-epoll-4.1.68.Final-linux-x86_64.jar:/home/ch61/.m2/repository/io/netty/netty-transport-native-unix-common/4.1.68.Final/netty-transport-native-unix-common-4.1.68.Final.jar:/home/ch61/.m2/repository/io/netty/netty-tcnative-boringssl-static/2.0.42.Final/netty-tcnative-boringssl-static-2.0.42.Final.jar:/home/ch61/bookkeeper/bookkeeper-http/http-server/target/classes:/home/ch61/bookkeeper/circe-checksum/target/classes:/home/ch61/.m2/repository/commons-cli/commons-cli/1.2/commons-cli-1.2.jar:/home/ch61/.m2/repository/commons-codec/commons-codec/1.6/commons-codec-1.6.jar:/home/ch61/.m2/repository/commons-io/commons-io/2.7/commons-io-2.7.jar:/home/ch61/.m2/repository/org/apache/commons/commons-lang3/3.6/commons-lang3-3.6.jar:/home/ch61/.m2/repository/org/apache/commons/commons-collections4/4.1/commons-collections4-4.1.jar:/home/ch61/.m2/repository/org/bouncycastle/bc-fips/1.0.2/bc-fips-1.0.2.jar:/home/ch61/.m2/repository/com/beust/jcommander/1.78/jcommander-1.78.jar:/home/ch61/.m2/repository/net/java/dev/jna/jna/3.2.7/jna-3.2.7.jar:/home/ch61/.m2/repository/org/apache/httpcomponents/httpclient/4.5.13/httpclient-4.5.13.jar:/home/ch61/.m2/repository/org/apache/httpcomponents/httpcore/4.4.13/httpcore-4.4.13.jar:/home/ch61/.m2/repository/commons-logging/commons-logging/1.2/commons-logging-1.2.jar:/home/ch61/bookkeeper/bookkeeper-common/target/test-classes:/home/ch61/.m2/repository/org/apache/kerby/kerby-config/1.1.1/kerby-config-1.1.1.jar:/home/ch61/.m2/repository/org/apache/kerby/kerb-simplekdc/1.1.1/kerb-simplekdc-1.1.1.jar:/home/ch61/.m2/repository/org/apache/kerby/kerb-client/1.1.1/kerb-client-1.1.1.jar:/home/ch61/.m2/repository/org/apache/kerby/kerb-core/1.1.1/kerb-core-1.1.1.jar:/home/ch61/.m2/repository/org/apache/kerby/kerby-pkix/1.1.1/kerby-pkix-1.1.1.jar:/home/ch61/.m2/repository/org/apache/kerby/kerby-asn1/1.1.1/kerby-asn1-1.1.1.jar:/home/ch61/.m2/repository/org/apache/kerby/kerby-util/1.1.1/kerby-util-1.1.1.jar:/home/ch61/.m2/repository/org/apache/kerby/kerb-common/1.1.1/kerb-common-1.1.1.jar:/home/ch61/.m2/repository/org/apache/kerby/kerb-crypto/1.1.1/kerb-crypto-1.1.1.jar:/home/ch61/.m2/repository/org/apache/kerby/kerb-util/1.1.1/kerb-util-1.1.1.jar:/home/ch61/.m2/repository/org/apache/kerby/token-provider/1.1.1/token-provider-1.1.1.jar:/home/ch61/.m2/repository/com/nimbusds/nimbus-jose-jwt/4.41.2/nimbus-jose-jwt-4.41.2.jar:/home/ch61/.m2/repository/com/github/stephenc/jcip/jcip-annotations/1.0-1/jcip-annotations-1.0-1.jar:/home/ch61/.m2/repository/net/minidev/json-smart/2.3/json-smart-2.3.jar:/home/ch61/.m2/repository/net/minidev/accessors-smart/1.2/accessors-smart-1.2.jar:/home/ch61/.m2/repository/org/ow2/asm/asm/5.0.4/asm-5.0.4.jar:/home/ch61/.m2/repository/org/apache/kerby/kerb-admin/1.1.1/kerb-admin-1.1.1.jar:/home/ch61/.m2/repository/org/apache/kerby/kerb-server/1.1.1/kerb-server-1.1.1.jar:/home/ch61/.m2/repository/org/apache/kerby/kerb-identity/1.1.1/kerb-identity-1.1.1.jar:/home/ch61/.m2/repository/org/apache/kerby/kerby-xdr/1.1.1/kerby-xdr-1.1.1.jar:/home/ch61/.m2/repository/org/apache/zookeeper/zookeeper/3.6.2/zookeeper-3.6.2-tests.jar:/home/ch61/.m2/repository/org/xerial/snappy/snappy-java/1.1.7/snappy-java-1.1.7.jar:/home/ch61/.m2/repository/io/dropwizard/metrics/metrics-core/3.2.5/metrics-core-3.2.5.jar:/home/ch61/bookkeeper/bookkeeper-stats-providers/prometheus-metrics-provider/target/classes:/home/ch61/.m2/repository/io/prometheus/simpleclient/0.8.1/simpleclient-0.8.1.jar:/home/ch61/.m2/repository/io/prometheus/simpleclient_hotspot/0.8.1/simpleclient_hotspot-0.8.1.jar:/home/ch61/.m2/repository/io/prometheus/simpleclient_servlet/0.8.1/simpleclient_servlet-0.8.1.jar:/home/ch61/.m2/repository/io/prometheus/simpleclient_common/0.8.1/simpleclient_common-0.8.1.jar:/home/ch61/.m2/repository/org/eclipse/jetty/jetty-servlet/9.4.43.v20210629/jetty-servlet-9.4.43.v20210629.jar:/home/ch61/.m2/repository/org/eclipse/jetty/jetty-security/9.4.43.v20210629/jetty-security-9.4.43.v20210629.jar:/home/ch61/.m2/repository/org/eclipse/jetty/jetty-server/9.4.43.v20210629/jetty-server-9.4.43.v20210629.jar:/home/ch61/.m2/repository/javax/servlet/javax.servlet-api/4.0.0/javax.servlet-api-4.0.0.jar:/home/ch61/.m2/repository/org/eclipse/jetty/jetty-http/9.4.43.v20210629/jetty-http-9.4.43.v20210629.jar:/home/ch61/.m2/repository/org/eclipse/jetty/jetty-io/9.4.43.v20210629/jetty-io-9.4.43.v20210629.jar:/home/ch61/.m2/repository/org/eclipse/jetty/jetty-util-ajax/9.4.43.v20210629/jetty-util-ajax-9.4.43.v20210629.jar:/home/ch61/.m2/repository/org/eclipse/jetty/jetty-util/9.4.43.v20210629/jetty-util-9.4.43.v20210629.jar:/home/ch61/.m2/repository/com/yahoo/datasketches/sketches-core/0.8.3/sketches-core-0.8.3.jar:/home/ch61/.m2/repository/com/yahoo/datasketches/memory/0.8.3/memory-0.8.3.jar:/home/ch61/bookkeeper/bookkeeper-http/vertx-http-server/target/classes:/home/ch61/.m2/repository/io/vertx/vertx-core/3.9.8/vertx-core-3.9.8.jar:/home/ch61/.m2/repository/io/netty/netty-handler-proxy/4.1.68.Final/netty-handler-proxy-4.1.68.Final.jar:/home/ch61/.m2/repository/io/netty/netty-codec-socks/4.1.68.Final/netty-codec-socks-4.1.68.Final.jar:/home/ch61/.m2/repository/io/netty/netty-codec-http/4.1.68.Final/netty-codec-http-4.1.68.Final.jar:/home/ch61/.m2/repository/io/netty/netty-codec-http2/4.1.68.Final/netty-codec-http2-4.1.68.Final.jar:/home/ch61/.m2/repository/io/netty/netty-resolver-dns/4.1.68.Final/netty-resolver-dns-4.1.68.Final.jar:/home/ch61/.m2/repository/io/netty/netty-codec-dns/4.1.68.Final/netty-codec-dns-4.1.68.Final.jar:/home/ch61/.m2/repository/io/vertx/vertx-web/3.9.8/vertx-web-3.9.8.jar:/home/ch61/.m2/repository/io/vertx/vertx-web-common/3.9.8/vertx-web-common-3.9.8.jar:/home/ch61/.m2/repository/io/vertx/vertx-auth-common/3.9.8/vertx-auth-common-3.9.8.jar:/home/ch61/.m2/repository/io/vertx/vertx-bridge-common/3.9.8/vertx-bridge-common-3.9.8.jar:/home/ch61/.m2/repository/org/projectlombok/lombok/1.18.20/lombok-1.18.20.jar:/home/ch61/.m2/repository/com/github/spotbugs/spotbugs-annotations/3.1.8/spotbugs-annotations-3.1.8.jar:/home/ch61/.m2/repository/com/google/code/findbugs/jsr305/3.0.2/jsr305-3.0.2.jar:/home/ch61/.m2/repository/org/slf4j/slf4j-api/1.7.32/slf4j-api-1.7.32.jar:/home/ch61/.m2/repository/commons-configuration/commons-configuration/1.10/commons-configuration-1.10.jar:/home/ch61/.m2/repository/junit/junit/4.12/junit-4.12.jar:/home/ch61/.m2/repository/org/hamcrest/hamcrest-core/1.3/hamcrest-core-1.3.jar:/home/ch61/.m2/repository/org/hamcrest/hamcrest-all/1.3/hamcrest-all-1.3.jar:/home/ch61/.m2/repository/org/mockito/mockito-core/3.0.0/mockito-core-3.0.0.jar:/home/ch61/.m2/repository/net/bytebuddy/byte-buddy/1.9.10/byte-buddy-1.9.10.jar:/home/ch61/.m2/repository/net/bytebuddy/byte-buddy-agent/1.9.10/byte-buddy-agent-1.9.10.jar:/home/ch61/.m2/repository/org/objenesis/objenesis/2.6/objenesis-2.6.jar:/home/ch61/.m2/repository/org/powermock/powermock-api-mockito2/2.0.2/powermock-api-mockito2-2.0.2.jar:/home/ch61/.m2/repository/org/powermock/powermock-api-support/2.0.2/powermock-api-support-2.0.2.jar:/home/ch61/.m2/repository/org/powermock/powermock-reflect/2.0.2/powermock-reflect-2.0.2.jar:/home/ch61/.m2/repository/org/powermock/powermock-core/2.0.2/powermock-core-2.0.2.jar:/home/ch61/.m2/repository/org/javassist/javassist/3.24.0-GA/javassist-3.24.0-GA.jar:/home/ch61/.m2/repository/org/powermock/powermock-module-junit4/2.0.2/powermock-module-junit4-2.0.2.jar:/home/ch61/.m2/repository/org/powermock/powermock-module-junit4-common/2.0.2/powermock-module-junit4-common-2.0.2.jar:"/>
    <property name="nondexExecid" value="clean_8yzcNKtaZdlVowgeAKEWQz1Us0SSSRR8razN5OoVZc="/>
    <property name="sun.cpu.endian" value="little"/>
    <property name="user.home" value="/home/ch61"/>
    <property name="user.language" value="en"/>
    <property name="java.specification.vendor" value="Oracle Corporation"/>
    <property name="java.home" value="/usr/lib/jvm/java-8-openjdk-amd64/jre"/>
    <property name="basedir" value="/home/ch61/bookkeeper/bookkeeper-server"/>
    <property name="file.separator" value="/"/>
    <property name="nondexEnd" value="9223372036854775807"/>
    <property name="line.separator" value="&#10;"/>
    <property name="java.vm.specification.vendor" value="Oracle Corporation"/>
    <property name="java.specification.name" value="Java Platform API Specification"/>
    <property name="java.awt.graphicsenv" value="sun.awt.X11GraphicsEnvironment"/>
    <property name="nondexFilter" value=".*"/>
    <property name="nondexSeed" value="933178"/>
    <property name="surefire.real.class.path" value="/home/ch61/bookkeeper/bookkeeper-server/target/surefire/surefirebooter4406697570546959382.jar"/>
    <property name="sun.boot.class.path" value="/usr/lib/jvm/java-8-openjdk-amd64/jre/lib/resources.jar:/usr/lib/jvm/java-8-openjdk-amd64/jre/lib/rt.jar:/usr/lib/jvm/java-8-openjdk-amd64/jre/lib/sunrsasign.jar:/usr/lib/jvm/java-8-openjdk-amd64/jre/lib/jsse.jar:/usr/lib/jvm/java-8-openjdk-amd64/jre/lib/jce.jar:/usr/lib/jvm/java-8-openjdk-amd64/jre/lib/charsets.jar:/usr/lib/jvm/java-8-openjdk-amd64/jre/lib/jfr.jar:/usr/lib/jvm/java-8-openjdk-amd64/jre/classes"/>
    <property name="sun.management.compiler" value="HotSpot 64-Bit Tiered Compilers"/>
    <property name="java.runtime.version" value="1.8.0_292-8u292-b10-0ubuntu1~18.04-b10"/>
    <property name="java.net.preferIPv4Stack" value="true"/>
    <property name="user.name" value="ch61"/>
    <property name="path.separator" value=":"/>
    <property name="os.version" value="4.15.0-161-generic"/>
    <property name="java.endorsed.dirs" value="/usr/lib/jvm/java-8-openjdk-amd64/jre/lib/endorsed"/>
    <property name="java.runtime.name" value="OpenJDK Runtime Environment"/>
    <property name="file.encoding" value="UTF-8"/>
    <property name="java.vm.name" value="OpenJDK 64-Bit Server VM"/>
    <property name="localRepository" value="/home/ch61/.m2/repository"/>
    <property name="nondexDir" value="/home/ch61/bookkeeper/bookkeeper-server/.nondex"/>
    <property name="nondexJarDir" value=".nondex"/>
    <property name="java.vendor.url.bug" value="http://bugreport.sun.com/bugreport/"/>
    <property name="java.io.tmpdir" value="/tmp"/>
    <property name="java.version" value="1.8.0_292"/>
    <property name="user.dir" value="/home/ch61/bookkeeper/bookkeeper-server"/>
    <property name="os.arch" value="amd64"/>
    <property name="nondexMode" value="FULL"/>
    <property name="java.vm.specification.name" value="Java Virtual Machine Specification"/>
    <property name="java.awt.printerjob" value="sun.print.PSPrinterJob"/>
    <property name="sun.os.patch.level" value="unknown"/>
    <property name="java.library.path" value="/usr/java/packages/lib/amd64:/usr/lib/x86_64-linux-gnu/jni:/lib/x86_64-linux-gnu:/usr/lib/x86_64-linux-gnu:/usr/lib/jni:/lib:/usr/lib"/>
    <property name="java.vm.info" value="mixed mode"/>
    <property name="java.vendor" value="Private Build"/>
    <property name="java.vm.version" value="25.292-b10"/>
    <property name="java.ext.dirs" value="/usr/lib/jvm/java-8-openjdk-amd64/jre/lib/ext:/usr/java/packages/lib/ext"/>
    <property name="sun.io.unicode.encoding" value="UnicodeLittle"/>
    <property name="java.class.version" value="52.0"/>
  </properties>
  <testcase name="testConnectToTLSClusterTLSClient[0]" classname="org.apache.bookkeeper.tls.TestTLS" time="8.486"/>
  <testcase name="testTLSChannelCounters[0]" classname="org.apache.bookkeeper.tls.TestTLS" time="2.426"/>
  <testcase name="testStartTLSServerNoKeyStore[0]" classname="org.apache.bookkeeper.tls.TestTLS" time="1.551"/>
  <testcase name="testBookieAuthPluginDenyAccessToClientWithoutTLS[0]" classname="org.apache.bookkeeper.tls.TestTLS" time="3.909"/>
  <testcase name="testRefreshDurationForBookkeeperClientCerts[0]" classname="org.apache.bookkeeper.tls.TestTLS" time="0">
    <skipped message="got: &lt;false&gt;, expected: is &lt;true&gt;"/>
  </testcase>
  <testcase name="testMixedCluster[0]" classname="org.apache.bookkeeper.tls.TestTLS" time="4.492"/>
  <testcase name="testStartTLSServerBadPassword[0]" classname="org.apache.bookkeeper.tls.TestTLS" time="1.518"/>
  <testcase name="testConnectToTLSClusterMixedClient[0]" classname="org.apache.bookkeeper.tls.TestTLS" time="6.424"/>
  <testcase name="testTLSClientButOnlyFewTLSServers[0]" classname="org.apache.bookkeeper.tls.TestTLS" time="7"/>
  <testcase name="testConnectToTLSClusterTLSClientWithAuthentication[0]" classname="org.apache.bookkeeper.tls.TestTLS" time="3.937"/>
  <testcase name="testConnectToTLSClusterNonTLSClient[0]" classname="org.apache.bookkeeper.tls.TestTLS" time="3.889"/>
  <testcase name="testRefreshDurationForBookieCerts[0]" classname="org.apache.bookkeeper.tls.TestTLS" time="0">
    <skipped message="got: &lt;false&gt;, expected: is &lt;true&gt;"/>
  </testcase>
  <testcase name="testBookieAuthPluginDenyAccesstoClientWithoutTLSAuthentication[0]" classname="org.apache.bookkeeper.tls.TestTLS" time="3.918"/>
  <testcase name="testKeyMismatchFailure[0]" classname="org.apache.bookkeeper.tls.TestTLS" time="0">
    <skipped message="got: &lt;false&gt;, expected: is &lt;true&gt;"/>
  </testcase>
  <testcase name="testBookieAuthPluginRequireClientTLSAuthentication[0]" classname="org.apache.bookkeeper.tls.TestTLS" time="6.118"/>
  <testcase name="testGetBouncyCastleProviderName[0]" classname="org.apache.bookkeeper.tls.TestTLS" time="1.435"/>
  <testcase name="testConnectToLocalTLSClusterTLSClient[0]" classname="org.apache.bookkeeper.tls.TestTLS" time="6.154"/>
  <testcase name="testClientWantsTLSNoServersHaveIt[0]" classname="org.apache.bookkeeper.tls.TestTLS" time="3.72"/>
  <testcase name="testHandshakeFailure[0]" classname="org.apache.bookkeeper.tls.TestTLS" time="2.953"/>
  <testcase name="testRoleBasedAuthZInCertificate[0]" classname="org.apache.bookkeeper.tls.TestTLS" time="6.088"/>
  <testcase name="testClientAuthPlugin[0]" classname="org.apache.bookkeeper.tls.TestTLS" time="3.934"/>
  <testcase name="testHungServer[0]" classname="org.apache.bookkeeper.tls.TestTLS" time="7.581"/>
  <testcase name="testBookieAuthPluginRequireClientTLSAuthenticationLocal[0]" classname="org.apache.bookkeeper.tls.TestTLS" time="6.053"/>
  <testcase name="testConnectToTLSClusterTLSClientWithTLSNoAuthentication[0]" classname="org.apache.bookkeeper.tls.TestTLS" time="6.103"/>
  <testcase name="testBookieAuthPluginDenyAccessToClientWithoutTLSAuthenticationLocal[0]" classname="org.apache.bookkeeper.tls.TestTLS" time="3.76"/>
  <testcase name="testClientAuthPluginWithHostnameVerificationEnabled[0]" classname="org.apache.bookkeeper.tls.TestTLS" time="1.591"/>
  <testcase name="testConnectToTLSClusterTLSClient[1]" classname="org.apache.bookkeeper.tls.TestTLS" time="3.945"/>
  <testcase name="testTLSChannelCounters[1]" classname="org.apache.bookkeeper.tls.TestTLS" time="2.083"/>
  <testcase name="testStartTLSServerNoKeyStore[1]" classname="org.apache.bookkeeper.tls.TestTLS" time="1.499"/>
  <testcase name="testBookieAuthPluginDenyAccessToClientWithoutTLS[1]" classname="org.apache.bookkeeper.tls.TestTLS" time="3.708"/>
  <testcase name="testRefreshDurationForBookkeeperClientCerts[1]" classname="org.apache.bookkeeper.tls.TestTLS" time="5.651"/>
  <testcase name="testMixedCluster[1]" classname="org.apache.bookkeeper.tls.TestTLS" time="4.318"/>
  <testcase name="testStartTLSServerBadPassword[1]" classname="org.apache.bookkeeper.tls.TestTLS" time="1.452"/>
  <testcase name="testConnectToTLSClusterMixedClient[1]" classname="org.apache.bookkeeper.tls.TestTLS" time="6.257"/>
  <testcase name="testTLSClientButOnlyFewTLSServers[1]" classname="org.apache.bookkeeper.tls.TestTLS" time="7.03"/>
  <testcase name="testConnectToTLSClusterTLSClientWithAuthentication[1]" classname="org.apache.bookkeeper.tls.TestTLS" time="3.924"/>
  <testcase name="testConnectToTLSClusterNonTLSClient[1]" classname="org.apache.bookkeeper.tls.TestTLS" time="3.83"/>
  <testcase name="testRefreshDurationForBookieCerts[1]" classname="org.apache.bookkeeper.tls.TestTLS" time="8.177"/>
  <testcase name="testBookieAuthPluginDenyAccesstoClientWithoutTLSAuthentication[1]" classname="org.apache.bookkeeper.tls.TestTLS" time="3.854"/>
  <testcase name="testKeyMismatchFailure[1]" classname="org.apache.bookkeeper.tls.TestTLS" time="2.941"/>
  <testcase name="testBookieAuthPluginRequireClientTLSAuthentication[1]" classname="org.apache.bookkeeper.tls.TestTLS" time="6.055"/>
  <testcase name="testGetBouncyCastleProviderName[1]" classname="org.apache.bookkeeper.tls.TestTLS" time="1.434"/>
  <testcase name="testConnectToLocalTLSClusterTLSClient[1]" classname="org.apache.bookkeeper.tls.TestTLS" time="6.024"/>
  <testcase name="testClientWantsTLSNoServersHaveIt[1]" classname="org.apache.bookkeeper.tls.TestTLS" time="3.741"/>
  <testcase name="testHandshakeFailure[1]" classname="org.apache.bookkeeper.tls.TestTLS" time="2.922"/>
  <testcase name="testRoleBasedAuthZInCertificate[1]" classname="org.apache.bookkeeper.tls.TestTLS" time="5.989"/>
  <testcase name="testClientAuthPlugin[1]" classname="org.apache.bookkeeper.tls.TestTLS" time="3.86"/>
  <testcase name="testHungServer[1]" classname="org.apache.bookkeeper.tls.TestTLS" time="7.553"/>
  <testcase name="testBookieAuthPluginRequireClientTLSAuthenticationLocal[1]" classname="org.apache.bookkeeper.tls.TestTLS" time="6.04"/>
  <testcase name="testConnectToTLSClusterTLSClientWithTLSNoAuthentication[1]" classname="org.apache.bookkeeper.tls.TestTLS" time="6.035"/>
  <testcase name="testBookieAuthPluginDenyAccessToClientWithoutTLSAuthenticationLocal[1]" classname="org.apache.bookkeeper.tls.TestTLS" time="3.816"/>
  <testcase name="testClientAuthPluginWithHostnameVerificationEnabled[1]" classname="org.apache.bookkeeper.tls.TestTLS" time="1.581"/>
  <testcase name="testConnectToTLSClusterTLSClient[2]" classname="org.apache.bookkeeper.tls.TestTLS" time="3.883"/>
  <testcase name="testTLSChannelCounters[2]" classname="org.apache.bookkeeper.tls.TestTLS" time="2.064"/>
  <testcase name="testStartTLSServerNoKeyStore[2]" classname="org.apache.bookkeeper.tls.TestTLS" time="1.42"/>
  <testcase name="testBookieAuthPluginDenyAccessToClientWithoutTLS[2]" classname="org.apache.bookkeeper.tls.TestTLS" time="3.702"/>
  <testcase name="testRefreshDurationForBookkeeperClientCerts[2]" classname="org.apache.bookkeeper.tls.TestTLS" time="5.61"/>
  <testcase name="testMixedCluster[2]" classname="org.apache.bookkeeper.tls.TestTLS" time="4.332"/>
  <testcase name="testStartTLSServerBadPassword[2]" classname="org.apache.bookkeeper.tls.TestTLS" time="1.448"/>
  <testcase name="testConnectToTLSClusterMixedClient[2]" classname="org.apache.bookkeeper.tls.TestTLS" time="6.211"/>
  <testcase name="testTLSClientButOnlyFewTLSServers[2]" classname="org.apache.bookkeeper.tls.TestTLS" time="6.899"/>
  <testcase name="testConnectToTLSClusterTLSClientWithAuthentication[2]" classname="org.apache.bookkeeper.tls.TestTLS" time="3.854"/>
  <testcase name="testConnectToTLSClusterNonTLSClient[2]" classname="org.apache.bookkeeper.tls.TestTLS" time="3.803"/>
  <testcase name="testRefreshDurationForBookieCerts[2]" classname="org.apache.bookkeeper.tls.TestTLS" time="8.187"/>
  <testcase name="testBookieAuthPluginDenyAccesstoClientWithoutTLSAuthentication[2]" classname="org.apache.bookkeeper.tls.TestTLS" time="3.8"/>
  <testcase name="testKeyMismatchFailure[2]" classname="org.apache.bookkeeper.tls.TestTLS" time="2.889"/>
  <testcase name="testBookieAuthPluginRequireClientTLSAuthentication[2]" classname="org.apache.bookkeeper.tls.TestTLS" time="6.005"/>
  <testcase name="testGetBouncyCastleProviderName[2]" classname="org.apache.bookkeeper.tls.TestTLS" time="1.413"/>
  <testcase name="testConnectToLocalTLSClusterTLSClient[2]" classname="org.apache.bookkeeper.tls.TestTLS" time="1.412"/>
  <testcase name="testClientWantsTLSNoServersHaveIt[2]" classname="org.apache.bookkeeper.tls.TestTLS" time="3.693"/>
  <testcase name="testHandshakeFailure[2]" classname="org.apache.bookkeeper.tls.TestTLS" time="2.877"/>
  <testcase name="testRoleBasedAuthZInCertificate[2]" classname="org.apache.bookkeeper.tls.TestTLS" time="6.027"/>
  <testcase name="testClientAuthPlugin[2]" classname="org.apache.bookkeeper.tls.TestTLS" time="3.864"/>
  <testcase name="testHungServer[2]" classname="org.apache.bookkeeper.tls.TestTLS" time="7.56"/>
  <testcase name="testBookieAuthPluginRequireClientTLSAuthenticationLocal[2]" classname="org.apache.bookkeeper.tls.TestTLS" time="1.392"/>
  <testcase name="testConnectToTLSClusterTLSClientWithTLSNoAuthentication[2]" classname="org.apache.bookkeeper.tls.TestTLS" time="6.057"/>
  <testcase name="testBookieAuthPluginDenyAccessToClientWithoutTLSAuthenticationLocal[2]" classname="org.apache.bookkeeper.tls.TestTLS" time="3.824"/>
  <testcase name="testClientAuthPluginWithHostnameVerificationEnabled[2]" classname="org.apache.bookkeeper.tls.TestTLS" time="1.575"/>
  <testcase name="testConnectToTLSClusterTLSClient[3]" classname="org.apache.bookkeeper.tls.TestTLS" time="3.907"/>
  <testcase name="testTLSChannelCounters[3]" classname="org.apache.bookkeeper.tls.TestTLS" time="2.245"/>
  <testcase name="testStartTLSServerNoKeyStore[3]" classname="org.apache.bookkeeper.tls.TestTLS" time="1.416"/>
  <testcase name="testBookieAuthPluginDenyAccessToClientWithoutTLS[3]" classname="org.apache.bookkeeper.tls.TestTLS" time="3.716"/>
  <testcase name="testRefreshDurationForBookkeeperClientCerts[3]" classname="org.apache.bookkeeper.tls.TestTLS" time="0">
    <skipped message="got: &lt;false&gt;, expected: is &lt;true&gt;"/>
  </testcase>
  <testcase name="testMixedCluster[3]" classname="org.apache.bookkeeper.tls.TestTLS" time="4.32"/>
  <testcase name="testStartTLSServerBadPassword[3]" classname="org.apache.bookkeeper.tls.TestTLS" time="1.435"/>
  <testcase name="testConnectToTLSClusterMixedClient[3]" classname="org.apache.bookkeeper.tls.TestTLS" time="6.198"/>
  <testcase name="testTLSClientButOnlyFewTLSServers[3]" classname="org.apache.bookkeeper.tls.TestTLS" time="6.898"/>
  <testcase name="testConnectToTLSClusterTLSClientWithAuthentication[3]" classname="org.apache.bookkeeper.tls.TestTLS" time="3.87"/>
  <testcase name="testConnectToTLSClusterNonTLSClient[3]" classname="org.apache.bookkeeper.tls.TestTLS" time="3.789"/>
  <testcase name="testRefreshDurationForBookieCerts[3]" classname="org.apache.bookkeeper.tls.TestTLS" time="0">
    <skipped message="got: &lt;false&gt;, expected: is &lt;true&gt;"/>
  </testcase>
  <testcase name="testBookieAuthPluginDenyAccesstoClientWithoutTLSAuthentication[3]" classname="org.apache.bookkeeper.tls.TestTLS" time="3.767"/>
  <testcase name="testKeyMismatchFailure[3]" classname="org.apache.bookkeeper.tls.TestTLS" time="0">
    <skipped message="got: &lt;false&gt;, expected: is &lt;true&gt;"/>
  </testcase>
  <testcase name="testBookieAuthPluginRequireClientTLSAuthentication[3]" classname="org.apache.bookkeeper.tls.TestTLS" time="6.071"/>
  <testcase name="testGetBouncyCastleProviderName[3]" classname="org.apache.bookkeeper.tls.TestTLS" time="1.428"/>
  <testcase name="testConnectToLocalTLSClusterTLSClient[3]" classname="org.apache.bookkeeper.tls.TestTLS" time="6.054"/>
  <testcase name="testClientWantsTLSNoServersHaveIt[3]" classname="org.apache.bookkeeper.tls.TestTLS" time="3.694"/>
  <testcase name="testHandshakeFailure[3]" classname="org.apache.bookkeeper.tls.TestTLS" time="2.916"/>
  <testcase name="testRoleBasedAuthZInCertificate[3]" classname="org.apache.bookkeeper.tls.TestTLS" time="6.035"/>
  <testcase name="testClientAuthPlugin[3]" classname="org.apache.bookkeeper.tls.TestTLS" time="3.882"/>
  <testcase name="testHungServer[3]" classname="org.apache.bookkeeper.tls.TestTLS" time="7.572"/>
  <testcase name="testBookieAuthPluginRequireClientTLSAuthenticationLocal[3]" classname="org.apache.bookkeeper.tls.TestTLS" time="6.062"/>
  <testcase name="testConnectToTLSClusterTLSClientWithTLSNoAuthentication[3]" classname="org.apache.bookkeeper.tls.TestTLS" time="6.054"/>
  <testcase name="testBookieAuthPluginDenyAccessToClientWithoutTLSAuthenticationLocal[3]" classname="org.apache.bookkeeper.tls.TestTLS" time="3.784"/>
  <testcase name="testClientAuthPluginWithHostnameVerificationEnabled[3]" classname="org.apache.bookkeeper.tls.TestTLS" time="1.568"/>
  <testcase name="testConnectToTLSClusterTLSClient[4]" classname="org.apache.bookkeeper.tls.TestTLS" time="3.892"/>
  <testcase name="testTLSChannelCounters[4]" classname="org.apache.bookkeeper.tls.TestTLS" time="1.978"/>
  <testcase name="testStartTLSServerNoKeyStore[4]" classname="org.apache.bookkeeper.tls.TestTLS" time="1.405"/>
  <testcase name="testBookieAuthPluginDenyAccessToClientWithoutTLS[4]" classname="org.apache.bookkeeper.tls.TestTLS" time="3.691"/>
  <testcase name="testRefreshDurationForBookkeeperClientCerts[4]" classname="org.apache.bookkeeper.tls.TestTLS" time="0">
    <skipped message="got: &lt;false&gt;, expected: is &lt;true&gt;"/>
  </testcase>
  <testcase name="testMixedCluster[4]" classname="org.apache.bookkeeper.tls.TestTLS" time="4.271"/>
  <testcase name="testStartTLSServerBadPassword[4]" classname="org.apache.bookkeeper.tls.TestTLS" time="1.434"/>
  <testcase name="testConnectToTLSClusterMixedClient[4]" classname="org.apache.bookkeeper.tls.TestTLS" time="6.157"/>
  <testcase name="testTLSClientButOnlyFewTLSServers[4]" classname="org.apache.bookkeeper.tls.TestTLS" time="6.828"/>
  <testcase name="testConnectToTLSClusterTLSClientWithAuthentication[4]" classname="org.apache.bookkeeper.tls.TestTLS" time="3.845"/>
  <testcase name="testConnectToTLSClusterNonTLSClient[4]" classname="org.apache.bookkeeper.tls.TestTLS" time="3.804"/>
  <testcase name="testRefreshDurationForBookieCerts[4]" classname="org.apache.bookkeeper.tls.TestTLS" time="0">
    <skipped message="got: &lt;false&gt;, expected: is &lt;true&gt;"/>
  </testcase>
  <testcase name="testBookieAuthPluginDenyAccesstoClientWithoutTLSAuthentication[4]" classname="org.apache.bookkeeper.tls.TestTLS" time="3.714"/>
  <testcase name="testKeyMismatchFailure[4]" classname="org.apache.bookkeeper.tls.TestTLS" time="0">
    <skipped message="got: &lt;false&gt;, expected: is &lt;true&gt;"/>
  </testcase>
  <testcase name="testBookieAuthPluginRequireClientTLSAuthentication[4]" classname="org.apache.bookkeeper.tls.TestTLS" time="5.995"/>
  <testcase name="testGetBouncyCastleProviderName[4]" classname="org.apache.bookkeeper.tls.TestTLS" time="1.437"/>
  <testcase name="testConnectToLocalTLSClusterTLSClient[4]" classname="org.apache.bookkeeper.tls.TestTLS" time="6"/>
  <testcase name="testClientWantsTLSNoServersHaveIt[4]" classname="org.apache.bookkeeper.tls.TestTLS" time="3.649"/>
  <testcase name="testHandshakeFailure[4]" classname="org.apache.bookkeeper.tls.TestTLS" time="2.87"/>
  <testcase name="testRoleBasedAuthZInCertificate[4]" classname="org.apache.bookkeeper.tls.TestTLS" time="5.997"/>
  <testcase name="testClientAuthPlugin[4]" classname="org.apache.bookkeeper.tls.TestTLS" time="3.811"/>
  <testcase name="testHungServer[4]" classname="org.apache.bookkeeper.tls.TestTLS" time="7.554"/>
  <testcase name="testBookieAuthPluginRequireClientTLSAuthenticationLocal[4]" classname="org.apache.bookkeeper.tls.TestTLS" time="5.997"/>
  <testcase name="testConnectToTLSClusterTLSClientWithTLSNoAuthentication[4]" classname="org.apache.bookkeeper.tls.TestTLS" time="6.025"/>
  <testcase name="testBookieAuthPluginDenyAccessToClientWithoutTLSAuthenticationLocal[4]" classname="org.apache.bookkeeper.tls.TestTLS" time="3.724"/>
  <testcase name="testClientAuthPluginWithHostnameVerificationEnabled[4]" classname="org.apache.bookkeeper.tls.TestTLS" time="1.529"/>
  <testcase name="testConnectToTLSClusterTLSClient[5]" classname="org.apache.bookkeeper.tls.TestTLS" time="3.832"/>
  <testcase name="testTLSChannelCounters[5]" classname="org.apache.bookkeeper.tls.TestTLS" time="2.037"/>
  <testcase name="testStartTLSServerNoKeyStore[5]" classname="org.apache.bookkeeper.tls.TestTLS" time="1.403"/>
  <testcase name="testBookieAuthPluginDenyAccessToClientWithoutTLS[5]" classname="org.apache.bookkeeper.tls.TestTLS" time="3.684"/>
  <testcase name="testRefreshDurationForBookkeeperClientCerts[5]" classname="org.apache.bookkeeper.tls.TestTLS" time="5.593"/>
  <testcase name="testMixedCluster[5]" classname="org.apache.bookkeeper.tls.TestTLS" time="4.294"/>
  <testcase name="testStartTLSServerBadPassword[5]" classname="org.apache.bookkeeper.tls.TestTLS" time="1.409"/>
  <testcase name="testConnectToTLSClusterMixedClient[5]" classname="org.apache.bookkeeper.tls.TestTLS" time="6.169"/>
  <testcase name="testTLSClientButOnlyFewTLSServers[5]" classname="org.apache.bookkeeper.tls.TestTLS" time="6.878"/>
  <testcase name="testConnectToTLSClusterTLSClientWithAuthentication[5]" classname="org.apache.bookkeeper.tls.TestTLS" time="3.856"/>
  <testcase name="testConnectToTLSClusterNonTLSClient[5]" classname="org.apache.bookkeeper.tls.TestTLS" time="3.801"/>
  <testcase name="testRefreshDurationForBookieCerts[5]" classname="org.apache.bookkeeper.tls.TestTLS" time="8.199"/>
  <testcase name="testBookieAuthPluginDenyAccesstoClientWithoutTLSAuthentication[5]" classname="org.apache.bookkeeper.tls.TestTLS" time="3.739"/>
  <testcase name="testKeyMismatchFailure[5]" classname="org.apache.bookkeeper.tls.TestTLS" time="2.896"/>
  <testcase name="testBookieAuthPluginRequireClientTLSAuthentication[5]" classname="org.apache.bookkeeper.tls.TestTLS" time="5.99"/>
  <testcase name="testGetBouncyCastleProviderName[5]" classname="org.apache.bookkeeper.tls.TestTLS" time="1.442"/>
  <testcase name="testConnectToLocalTLSClusterTLSClient[5]" classname="org.apache.bookkeeper.tls.TestTLS" time="6.036"/>
  <testcase name="testClientWantsTLSNoServersHaveIt[5]" classname="org.apache.bookkeeper.tls.TestTLS" time="3.68"/>
  <testcase name="testHandshakeFailure[5]" classname="org.apache.bookkeeper.tls.TestTLS" time="2.938"/>
  <testcase name="testRoleBasedAuthZInCertificate[5]" classname="org.apache.bookkeeper.tls.TestTLS" time="6.004"/>
  <testcase name="testClientAuthPlugin[5]" classname="org.apache.bookkeeper.tls.TestTLS" time="3.87"/>
  <testcase name="testHungServer[5]" classname="org.apache.bookkeeper.tls.TestTLS" time="7.553"/>
  <testcase name="testBookieAuthPluginRequireClientTLSAuthenticationLocal[5]" classname="org.apache.bookkeeper.tls.TestTLS" time="6.039"/>
  <testcase name="testConnectToTLSClusterTLSClientWithTLSNoAuthentication[5]" classname="org.apache.bookkeeper.tls.TestTLS" time="6"/>
  <testcase name="testBookieAuthPluginDenyAccessToClientWithoutTLSAuthenticationLocal[5]" classname="org.apache.bookkeeper.tls.TestTLS" time="3.75"/>
  <testcase name="testClientAuthPluginWithHostnameVerificationEnabled[5]" classname="org.apache.bookkeeper.tls.TestTLS" time="1.563"/>
  <testcase name="testConnectToTLSClusterTLSClient[6]" classname="org.apache.bookkeeper.tls.TestTLS" time="3.823"/>
  <testcase name="testTLSChannelCounters[6]" classname="org.apache.bookkeeper.tls.TestTLS" time="1.97"/>
  <testcase name="testStartTLSServerNoKeyStore[6]" classname="org.apache.bookkeeper.tls.TestTLS" time="1.4"/>
  <testcase name="testBookieAuthPluginDenyAccessToClientWithoutTLS[6]" classname="org.apache.bookkeeper.tls.TestTLS" time="3.691"/>
  <testcase name="testRefreshDurationForBookkeeperClientCerts[6]" classname="org.apache.bookkeeper.tls.TestTLS" time="0">
    <skipped message="got: &lt;false&gt;, expected: is &lt;true&gt;"/>
  </testcase>
  <testcase name="testMixedCluster[6]" classname="org.apache.bookkeeper.tls.TestTLS" time="4.299"/>
  <testcase name="testStartTLSServerBadPassword[6]" classname="org.apache.bookkeeper.tls.TestTLS" time="1.407"/>
  <testcase name="testConnectToTLSClusterMixedClient[6]" classname="org.apache.bookkeeper.tls.TestTLS" time="6.166"/>
  <testcase name="testTLSClientButOnlyFewTLSServers[6]" classname="org.apache.bookkeeper.tls.TestTLS" time="6.843"/>
  <testcase name="testConnectToTLSClusterTLSClientWithAuthentication[6]" classname="org.apache.bookkeeper.tls.TestTLS" time="3.836"/>
  <testcase name="testConnectToTLSClusterNonTLSClient[6]" classname="org.apache.bookkeeper.tls.TestTLS" time="3.778"/>
  <testcase name="testRefreshDurationForBookieCerts[6]" classname="org.apache.bookkeeper.tls.TestTLS" time="0">
    <skipped message="got: &lt;false&gt;, expected: is &lt;true&gt;"/>
  </testcase>
  <testcase name="testBookieAuthPluginDenyAccesstoClientWithoutTLSAuthentication[6]" classname="org.apache.bookkeeper.tls.TestTLS" time="3.729"/>
  <testcase name="testKeyMismatchFailure[6]" classname="org.apache.bookkeeper.tls.TestTLS" time="0">
    <skipped message="got: &lt;false&gt;, expected: is &lt;true&gt;"/>
  </testcase>
  <testcase name="testBookieAuthPluginRequireClientTLSAuthentication[6]" classname="org.apache.bookkeeper.tls.TestTLS" time="6.026"/>
  <testcase name="testGetBouncyCastleProviderName[6]" classname="org.apache.bookkeeper.tls.TestTLS" time="1.42"/>
  <testcase name="testConnectToLocalTLSClusterTLSClient[6]" classname="org.apache.bookkeeper.tls.TestTLS" time="5.99"/>
  <testcase name="testClientWantsTLSNoServersHaveIt[6]" classname="org.apache.bookkeeper.tls.TestTLS" time="3.691"/>
  <testcase name="testHandshakeFailure[6]" classname="org.apache.bookkeeper.tls.TestTLS" time="2.915"/>
  <testcase name="testRoleBasedAuthZInCertificate[6]" classname="org.apache.bookkeeper.tls.TestTLS" time="6.017"/>
  <testcase name="testClientAuthPlugin[6]" classname="org.apache.bookkeeper.tls.TestTLS" time="3.826"/>
  <testcase name="testHungServer[6]" classname="org.apache.bookkeeper.tls.TestTLS" time="7.575"/>
  <testcase name="testBookieAuthPluginRequireClientTLSAuthenticationLocal[6]" classname="org.apache.bookkeeper.tls.TestTLS" time="6.022"/>
  <testcase name="testConnectToTLSClusterTLSClientWithTLSNoAuthentication[6]" classname="org.apache.bookkeeper.tls.TestTLS" time="6.033"/>
  <testcase name="testBookieAuthPluginDenyAccessToClientWithoutTLSAuthenticationLocal[6]" classname="org.apache.bookkeeper.tls.TestTLS" time="3.729"/>
  <testcase name="testClientAuthPluginWithHostnameVerificationEnabled[6]" classname="org.apache.bookkeeper.tls.TestTLS" time="1.548"/>
</testsuite>