<?xml version="1.0" encoding="UTF-8"?>
<testsuite xmlns:xsi="http://www.w3.org/2001/XMLSchema-instance" xsi:noNamespaceSchemaLocation="https://maven.apache.org/surefire/maven-surefire-plugin/xsd/surefire-test-report-3.0.xsd" version="3.0" name="org.apache.bookkeeper.common.conf.ConfigKeyGroupTest" time="0.108" tests="2" errors="0" skipped="0" failures="0">
  <properties>
    <property name="awt.toolkit" value="sun.awt.X11.XToolkit"/>
    <property name="file.encoding.pkg" value="sun.io"/>
    <property name="nondexStart" value="0"/>
    <property name="java.specification.version" value="1.8"/>
    <property name="sun.cpu.isalist" value=""/>
    <property name="sun.jnu.encoding" value="UTF-8"/>
    <property name="java.class.path" value="/home/ch61/bookkeeper/bookkeeper-common/target/test-classes:/home/ch61/bookkeeper/bookkeeper-common/target/classes:/home/ch61/bookkeeper/bookkeeper-stats/target/classes:/home/ch61/bookkeeper/cpu-affinity/target/classes:/home/ch61/.m2/repository/com/google/guava/guava/30.0-jre/guava-30.0-jre.jar:/home/ch61/.m2/repository/com/google/guava/failureaccess/1.0.1/failureaccess-1.0.1.jar:/home/ch61/.m2/repository/com/google/guava/listenablefuture/9999.0-empty-to-avoid-conflict-with-guava/listenablefuture-9999.0-empty-to-avoid-conflict-with-guava.jar:/home/ch61/.m2/repository/org/checkerframework/checker-qual/3.5.0/checker-qual-3.5.0.jar:/home/ch61/.m2/repository/com/google/j2objc/j2objc-annotations/1.3/j2objc-annotations-1.3.jar:/home/ch61/.m2/repository/io/netty/netty-common/4.1.68.Final/netty-common-4.1.68.Final.jar:/home/ch61/.m2/repository/com/fasterxml/jackson/core/jackson-core/2.11.0/jackson-core-2.11.0.jar:/home/ch61/.m2/repository/com/fasterxml/jackson/core/jackson-databind/2.11.0/jackson-databind-2.11.0.jar:/home/ch61/.m2/repository/com/fasterxml/jackson/core/jackson-annotations/2.11.0/jackson-annotations-2.11.0.jar:/home/ch61/.m2/repository/org/jctools/jctools-core/2.1.2/jctools-core-2.1.2.jar:/home/ch61/.m2/repository/com/google/code/findbugs/jsr305/3.0.2/jsr305-3.0.2.jar:/home/ch61/.m2/repository/com/google/errorprone/error_prone_annotations/2.4.0/error_prone_annotations-2.4.0.jar:/home/ch61/.m2/repository/org/apache/commons/commons-lang3/3.6/commons-lang3-3.6.jar:/home/ch61/.m2/repository/org/slf4j/slf4j-api/1.7.32/slf4j-api-1.7.32.jar:/home/ch61/.m2/repository/org/apache/logging/log4j/log4j-1.2-api/2.14.1/log4j-1.2-api-2.14.1.jar:/home/ch61/.m2/repository/org/apache/logging/log4j/log4j-api/2.14.1/log4j-api-2.14.1.jar:/home/ch61/.m2/repository/org/apache/logging/log4j/log4j-core/2.14.1/log4j-core-2.14.1.jar:/home/ch61/.m2/repository/org/apache/logging/log4j/log4j-slf4j-impl/2.14.1/log4j-slf4j-impl-2.14.1.jar:/home/ch61/.m2/repository/org/projectlombok/lombok/1.18.20/lombok-1.18.20.jar:/home/ch61/.m2/repository/com/github/spotbugs/spotbugs-annotations/3.1.8/spotbugs-annotations-3.1.8.jar:/home/ch61/.m2/repository/commons-configuration/commons-configuration/1.10/commons-configuration-1.10.jar:/home/ch61/.m2/repository/commons-lang/commons-lang/2.6/commons-lang-2.6.jar:/home/ch61/.m2/repository/commons-logging/commons-logging/1.1.1/commons-logging-1.1.1.jar:/home/ch61/.m2/repository/junit/junit/4.12/junit-4.12.jar:/home/ch61/.m2/repository/org/hamcrest/hamcrest-core/1.3/hamcrest-core-1.3.jar:/home/ch61/.m2/repository/org/hamcrest/hamcrest-all/1.3/hamcrest-all-1.3.jar:/home/ch61/.m2/repository/org/mockito/mockito-core/3.0.0/mockito-core-3.0.0.jar:/home/ch61/.m2/repository/net/bytebuddy/byte-buddy/1.9.10/byte-buddy-1.9.10.jar:/home/ch61/.m2/repository/net/bytebuddy/byte-buddy-agent/1.9.10/byte-buddy-agent-1.9.10.jar:/home/ch61/.m2/repository/org/objenesis/objenesis/2.6/objenesis-2.6.jar:/home/ch61/.m2/repository/org/powermock/powermock-api-mockito2/2.0.2/powermock-api-mockito2-2.0.2.jar:/home/ch61/.m2/repository/org/powermock/powermock-api-support/2.0.2/powermock-api-support-2.0.2.jar:/home/ch61/.m2/repository/org/powermock/powermock-reflect/2.0.2/powermock-reflect-2.0.2.jar:/home/ch61/.m2/repository/org/powermock/powermock-core/2.0.2/powermock-core-2.0.2.jar:/home/ch61/.m2/repository/org/javassist/javassist/3.24.0-GA/javassist-3.24.0-GA.jar:/home/ch61/.m2/repository/org/powermock/powermock-module-junit4/2.0.2/powermock-module-junit4-2.0.2.jar:/home/ch61/.m2/repository/org/powermock/powermock-module-junit4-common/2.0.2/powermock-module-junit4-common-2.0.2.jar:"/>
    <property name="java.vm.vendor" value="Private Build"/>
    <property name="nondexPrintstack" value="false"/>
    <property name="sun.arch.data.model" value="64"/>
    <property name="java.vendor.url" value="http://java.oracle.com/"/>
    <property name="user.timezone" value=""/>
    <property name="io.netty.leakDetection.level" value="paranoid"/>
    <property name="java.vm.specification.version" value="1.8"/>
    <property name="os.name" value="Linux"/>
    <property name="sun.java.launcher" value="SUN_STANDARD"/>
    <property name="sun.boot.library.path" value="/usr/lib/jvm/java-8-openjdk-amd64/jre/lib/amd64"/>
    <property name="nondexLogging" value="CONFIG"/>
    <property name="sun.java.command" value="/home/ch61/bookkeeper/bookkeeper-common/target/surefire/surefirebooter5730282176267038122.jar /home/ch61/bookkeeper/bookkeeper-common/target/surefire 2021-11-02T16-37-35_012-jvmRun1 surefire707027178020929735tmp surefire_35411775858211004191tmp"/>
    <property name="surefire.test.class.path" value="/home/ch61/bookkeeper/bookkeeper-common/target/test-classes:/home/ch61/bookkeeper/bookkeeper-common/target/classes:/home/ch61/bookkeeper/bookkeeper-stats/target/classes:/home/ch61/bookkeeper/cpu-affinity/target/classes:/home/ch61/.m2/repository/com/google/guava/guava/30.0-jre/guava-30.0-jre.jar:/home/ch61/.m2/repository/com/google/guava/failureaccess/1.0.1/failureaccess-1.0.1.jar:/home/ch61/.m2/repository/com/google/guava/listenablefuture/9999.0-empty-to-avoid-conflict-with-guava/listenablefuture-9999.0-empty-to-avoid-conflict-with-guava.jar:/home/ch61/.m2/repository/org/checkerframework/checker-qual/3.5.0/checker-qual-3.5.0.jar:/home/ch61/.m2/repository/com/google/j2objc/j2objc-annotations/1.3/j2objc-annotations-1.3.jar:/home/ch61/.m2/repository/io/netty/netty-common/4.1.68.Final/netty-common-4.1.68.Final.jar:/home/ch61/.m2/repository/com/fasterxml/jackson/core/jackson-core/2.11.0/jackson-core-2.11.0.jar:/home/ch61/.m2/repository/com/fasterxml/jackson/core/jackson-databind/2.11.0/jackson-databind-2.11.0.jar:/home/ch61/.m2/repository/com/fasterxml/jackson/core/jackson-annotations/2.11.0/jackson-annotations-2.11.0.jar:/home/ch61/.m2/repository/org/jctools/jctools-core/2.1.2/jctools-core-2.1.2.jar:/home/ch61/.m2/repository/com/google/code/findbugs/jsr305/3.0.2/jsr305-3.0.2.jar:/home/ch61/.m2/repository/com/google/errorprone/error_prone_annotations/2.4.0/error_prone_annotations-2.4.0.jar:/home/ch61/.m2/repository/org/apache/commons/commons-lang3/3.6/commons-lang3-3.6.jar:/home/ch61/.m2/repository/org/slf4j/slf4j-api/1.7.32/slf4j-api-1.7.32.jar:/home/ch61/.m2/repository/org/apache/logging/log4j/log4j-1.2-api/2.14.1/log4j-1.2-api-2.14.1.jar:/home/ch61/.m2/repository/org/apache/logging/log4j/log4j-api/2.14.1/log4j-api-2.14.1.jar:/home/ch61/.m2/repository/org/apache/logging/log4j/log4j-core/2.14.1/log4j-core-2.14.1.jar:/home/ch61/.m2/repository/org/apache/logging/log4j/log4j-slf4j-impl/2.14.1/log4j-slf4j-impl-2.14.1.jar:/home/ch61/.m2/repository/org/projectlombok/lombok/1.18.20/lombok-1.18.20.jar:/home/ch61/.m2/repository/com/github/spotbugs/spotbugs-annotations/3.1.8/spotbugs-annotations-3.1.8.jar:/home/ch61/.m2/repository/commons-configuration/commons-configuration/1.10/commons-configuration-1.10.jar:/home/ch61/.m2/repository/commons-lang/commons-lang/2.6/commons-lang-2.6.jar:/home/ch61/.m2/repository/commons-logging/commons-logging/1.1.1/commons-logging-1.1.1.jar:/home/ch61/.m2/repository/junit/junit/4.12/junit-4.12.jar:/home/ch61/.m2/repository/org/hamcrest/hamcrest-core/1.3/hamcrest-core-1.3.jar:/home/ch61/.m2/repository/org/hamcrest/hamcrest-all/1.3/hamcrest-all-1.3.jar:/home/ch61/.m2/repository/org/mockito/mockito-core/3.0.0/mockito-core-3.0.0.jar:/home/ch61/.m2/repository/net/bytebuddy/byte-buddy/1.9.10/byte-buddy-1.9.10.jar:/home/ch61/.m2/repository/net/bytebuddy/byte-buddy-agent/1.9.10/byte-buddy-agent-1.9.10.jar:/home/ch61/.m2/repository/org/objenesis/objenesis/2.6/objenesis-2.6.jar:/home/ch61/.m2/repository/org/powermock/powermock-api-mockito2/2.0.2/powermock-api-mockito2-2.0.2.jar:/home/ch61/.m2/repository/org/powermock/powermock-api-support/2.0.2/powermock-api-support-2.0.2.jar:/home/ch61/.m2/repository/org/powermock/powermock-reflect/2.0.2/powermock-reflect-2.0.2.jar:/home/ch61/.m2/repository/org/powermock/powermock-core/2.0.2/powermock-core-2.0.2.jar:/home/ch61/.m2/repository/org/javassist/javassist/3.24.0-GA/javassist-3.24.0-GA.jar:/home/ch61/.m2/repository/org/powermock/powermock-module-junit4/2.0.2/powermock-module-junit4-2.0.2.jar:/home/ch61/.m2/repository/org/powermock/powermock-module-junit4-common/2.0.2/powermock-module-junit4-common-2.0.2.jar:"/>
    <property name="nondexExecid" value="clean_D3JPYWkiJvePt4f0tK63SU1+kOLkD6rHQfu0v6dpuc="/>
    <property name="sun.cpu.endian" value="little"/>
    <property name="user.home" value="/home/ch61"/>
    <property name="user.language" value="en"/>
    <property name="java.specification.vendor" value="Oracle Corporation"/>
    <property name="java.home" value="/usr/lib/jvm/java-8-openjdk-amd64/jre"/>
    <property name="basedir" value="/home/ch61/bookkeeper/bookkeeper-common"/>
    <property name="file.separator" value="/"/>
    <property name="nondexEnd" value="9223372036854775807"/>
    <property name="line.separator" value="&#10;"/>
    <property name="java.vm.specification.vendor" value="Oracle Corporation"/>
    <property name="java.specification.name" value="Java Platform API Specification"/>
    <property name="java.awt.graphicsenv" value="sun.awt.X11GraphicsEnvironment"/>
    <property name="nondexFilter" value=".*"/>
    <property name="nondexSeed" value="933178"/>
    <property name="surefire.real.class.path" value="/home/ch61/bookkeeper/bookkeeper-common/target/surefire/surefirebooter5730282176267038122.jar"/>
    <property name="sun.boot.class.path" value="/usr/lib/jvm/java-8-openjdk-amd64/jre/lib/resources.jar:/usr/lib/jvm/java-8-openjdk-amd64/jre/lib/rt.jar:/usr/lib/jvm/java-8-openjdk-amd64/jre/lib/sunrsasign.jar:/usr/lib/jvm/java-8-openjdk-amd64/jre/lib/jsse.jar:/usr/lib/jvm/java-8-openjdk-amd64/jre/lib/jce.jar:/usr/lib/jvm/java-8-openjdk-amd64/jre/lib/charsets.jar:/usr/lib/jvm/java-8-openjdk-amd64/jre/lib/jfr.jar:/usr/lib/jvm/java-8-openjdk-amd64/jre/classes"/>
    <property name="sun.management.compiler" value="HotSpot 64-Bit Tiered Compilers"/>
    <property name="java.runtime.version" value="1.8.0_292-8u292-b10-0ubuntu1~18.04-b10"/>
    <property name="java.net.preferIPv4Stack" value="true"/>
    <property name="user.name" value="ch61"/>
    <property name="path.separator" value=":"/>
    <property name="os.version" value="4.15.0-161-generic"/>
    <property name="java.endorsed.dirs" value="/usr/lib/jvm/java-8-openjdk-amd64/jre/lib/endorsed"/>
    <property name="java.runtime.name" value="OpenJDK Runtime Environment"/>
    <property name="file.encoding" value="UTF-8"/>
    <property name="java.vm.name" value="OpenJDK 64-Bit Server VM"/>
    <property name="localRepository" value="/home/ch61/.m2/repository"/>
    <property name="nondexDir" value="/home/ch61/bookkeeper/bookkeeper-common/.nondex"/>
    <property name="nondexJarDir" value=".nondex"/>
    <property name="java.vendor.url.bug" value="http://bugreport.sun.com/bugreport/"/>
    <property name="java.io.tmpdir" value="/tmp"/>
    <property name="java.version" value="1.8.0_292"/>
    <property name="user.dir" value="/home/ch61/bookkeeper/bookkeeper-common"/>
    <property name="os.arch" value="amd64"/>
    <property name="nondexMode" value="FULL"/>
    <property name="java.vm.specification.name" value="Java Virtual Machine Specification"/>
    <property name="java.awt.printerjob" value="sun.print.PSPrinterJob"/>
    <property name="sun.os.patch.level" value="unknown"/>
    <property name="java.library.path" value="/usr/java/packages/lib/amd64:/usr/lib/x86_64-linux-gnu/jni:/lib/x86_64-linux-gnu:/usr/lib/x86_64-linux-gnu:/usr/lib/jni:/lib:/usr/lib"/>
    <property name="java.vm.info" value="mixed mode"/>
    <property name="java.vendor" value="Private Build"/>
    <property name="java.vm.version" value="25.292-b10"/>
    <property name="java.ext.dirs" value="/usr/lib/jvm/java-8-openjdk-amd64/jre/lib/ext:/usr/java/packages/lib/ext"/>
    <property name="sun.io.unicode.encoding" value="UnicodeLittle"/>
    <property name="java.class.version" value="52.0"/>
  </properties>
  <testcase name="testEquals" classname="org.apache.bookkeeper.common.conf.ConfigKeyGroupTest" time="0.05"/>
  <testcase name="testOrdering" classname="org.apache.bookkeeper.common.conf.ConfigKeyGroupTest" time="0"/>
</testsuite>